Using pre-set license
Built from '2020.3/release' branch; Version is '2020.3.7f1 (dd97f2c94397) revision 14522354'; Using compiler version '192528614'; Build Type 'Release'
OS: 'Windows 8  (6.2.0) 64bit' Language: 'pl' Physical Memory: 8079 MB
BatchMode: 1, IsHumanControllingUs: 0, StartBugReporterOnCrash: 0, Is64bit: 1, IsPro: 0

 COMMAND LINE ARGUMENTS:
C:\Program Files\Unity\Hub\Editor\2020.3.7f1\Editor\Unity.exe
-adb2
-batchMode
-noUpm
-name
AssetImportWorker0
-projectPath
C:/Users/Przemek/Horror
-logFile
Logs/AssetImportWorker0.log
-srvPort
50128
Successfully changed project path to: C:/Users/Przemek/Horror
C:/Users/Przemek/Horror
Using Asset Import Pipeline V2.
Refreshing native plugins compatible for Editor in 92.92 ms, found 1 plugins.
Preloading 0 native plugins for Editor in 0.00 ms.
Initialize engine version: 2020.3.7f1 (dd97f2c94397)
[Subsystems] Discovering subsystems at path C:/Program Files/Unity/Hub/Editor/2020.3.7f1/Editor/Data/Resources/UnitySubsystems
[Subsystems] Discovering subsystems at path C:/Users/Przemek/Horror/Assets
GfxDevice: creating device client; threaded=0
d3d11: CreateDXGIFactory2(...) not found, fallbacking to CreateDXGIFactory1(...).
d3d11: QueryInterface(IDXGIFactory5) failed (80004002).
Direct3D:
    Version:  Direct3D 11.0 [level 11.0]
    Renderer: AMD Radeon HD 6670 (Microsoft Corporation - WDDM v1.20) (ID=0x6758)
    Vendor:   
    VRAM:     1008 MB
    Driver:   8.97.10.6
Shader 'Universal Render Pipeline/Particles/Lit': fallback shader 'Universal Render Pipeline/Particles/SimpleLit' not found
Initialize mono
Mono path[0] = 'C:/Program Files/Unity/Hub/Editor/2020.3.7f1/Editor/Data/Managed'
Mono path[1] = 'C:/Program Files/Unity/Hub/Editor/2020.3.7f1/Editor/Data/MonoBleedingEdge/lib/mono/unityjit'
Mono config path = 'C:/Program Files/Unity/Hub/Editor/2020.3.7f1/Editor/Data/MonoBleedingEdge/etc'
Using monoOptions --debugger-agent=transport=dt_socket,embedding=1,server=y,suspend=n,address=127.0.0.1:56200
Begin MonoManager ReloadAssembly
Registering precompiled unity dll's ...
Register platform support module: C:/Program Files/Unity/Hub/Editor/2020.3.7f1/Editor/Data/PlaybackEngines/WebGLSupport/UnityEditor.WebGL.Extensions.dll
Register platform support module: C:/Program Files/Unity/Hub/Editor/2020.3.7f1/Editor/Data/PlaybackEngines/WindowsStandaloneSupport/UnityEditor.WindowsStandalone.Extensions.dll
Registered in 0.001645 seconds.
Native extension for WindowsStandalone target not found
Native extension for WebGL target not found
Refreshing native plugins compatible for Editor in 96.10 ms, found 1 plugins.
Preloading 0 native plugins for Editor in 0.00 ms.
Mono: successfully reloaded assembly
- Completed reload, in  1.430 seconds
Platform modules already initialized, skipping
Registering precompiled user dll's ...
Registered in 0.002170 seconds.
Begin MonoManager ReloadAssembly
Native extension for WindowsStandalone target not found
Native extension for WebGL target not found
Refreshing native plugins compatible for Editor in 99.18 ms, found 1 plugins.
Preloading 0 native plugins for Editor in 0.00 ms.
Mono: successfully reloaded assembly
- Completed reload, in  1.491 seconds
Platform modules already initialized, skipping
========================================================================
Worker process is ready to serve import requests
Shader 'Universal Render Pipeline/Particles/Lit': fallback shader 'Universal Render Pipeline/Particles/SimpleLit' not found
Launched and connected shader compiler UnityShaderCompiler.exe after 0.02 seconds
Refreshing native plugins compatible for Editor in 0.80 ms, found 1 plugins.
Preloading 0 native plugins for Editor in 0.00 ms.
Unloading 3343 Unused Serialized files (Serialized files now loaded: 0)
System memory in use before: 145.8 MB.
System memory in use after: 145.9 MB.

Unloading 28 unused Assets to reduce memory usage. Loaded Objects now: 3784.
Total: 4.410805 ms (FindLiveObjects: 0.530610 ms CreateObjectMapping: 0.392741 ms MarkObjects: 3.283558 ms  DeleteObjects: 0.201844 ms)

========================================================================
Received Import Request.
  path: Assets/Scenes/scream.mp3
  artifactKey: Guid(906502ffc77a2a845a7f3fb46a434807) Importer(815301076,1909f56bfc062723c751e8b465ee728b)
Start importing Assets/Scenes/scream.mp3 using Guid(906502ffc77a2a845a7f3fb46a434807) Importer(815301076,1909f56bfc062723c751e8b465ee728b)  -> (artifact id: '490888e94f8d606881e15a032659128b') in 0.164219 seconds
  Import took 0.173227 seconds .

========================================================================
Received Import Request.
  Time since last request: 8.476858 seconds.
  path: Assets/Scenes/SampleScene/Global Volume Profile.asset
  artifactKey: Guid(9aaea4d903dc854478672fb1cc240387) Importer(815301076,1909f56bfc062723c751e8b465ee728b)
Start importing Assets/Scenes/SampleScene/Global Volume Profile.asset using Guid(9aaea4d903dc854478672fb1cc240387) Importer(815301076,1909f56bfc062723c751e8b465ee728b)  -> (artifact id: '197bd26652b9f7b9f625e15b3edeca4c') in 0.024783 seconds
  Import took 0.031632 seconds .

========================================================================
Received Import Request.
  Time since last request: 28.500475 seconds.
  path: Assets/CasualGameSounds
  artifactKey: Guid(876b3af540033434e9f8e05902d417c9) Importer(815301076,1909f56bfc062723c751e8b465ee728b)
Start importing Assets/CasualGameSounds using Guid(876b3af540033434e9f8e05902d417c9) Importer(815301076,1909f56bfc062723c751e8b465ee728b)  -> (artifact id: '4f773d546c0cd4be0b91b7e89f942ee9') in 0.002810 seconds
  Import took 0.010533 seconds .

========================================================================
Received Import Request.
  Time since last request: 51.770817 seconds.
  path: Assets/Scenes/opening.unity
  artifactKey: Guid(7868833bf3a93504ca216718fdecaa65) Importer(815301076,1909f56bfc062723c751e8b465ee728b)
Start importing Assets/Scenes/opening.unity using Guid(7868833bf3a93504ca216718fdecaa65) Importer(815301076,1909f56bfc062723c751e8b465ee728b)  -> (artifact id: 'cdb27360665e0ad51c39494c54976949') in 0.004812 seconds
  Import took 0.022811 seconds .

========================================================================
Received Import Request.
  Time since last request: 8.239926 seconds.
  path: Assets/Scenes/endingScreen.unity
  artifactKey: Guid(0a738f97c8fa19644b7a0d504dd29836) Importer(815301076,1909f56bfc062723c751e8b465ee728b)
Start importing Assets/Scenes/endingScreen.unity using Guid(0a738f97c8fa19644b7a0d504dd29836) Importer(815301076,1909f56bfc062723c751e8b465ee728b)  -> (artifact id: 'dd40eeeea15a24279954704d78985039') in 0.003472 seconds
  Import took 0.010733 seconds .

========================================================================
Received Import Request.
  Time since last request: 0.000466 seconds.
  path: Assets/Scenes/endingScreen.unity
  artifactKey: Guid(0a738f97c8fa19644b7a0d504dd29836) Importer(815301076,1909f56bfc062723c751e8b465ee728b)
Start importing Assets/Scenes/endingScreen.unity using Guid(0a738f97c8fa19644b7a0d504dd29836) Importer(815301076,1909f56bfc062723c751e8b465ee728b)  -> (artifact id: 'dd40eeeea15a24279954704d78985039') in 0.002335 seconds
  Import took 0.009320 seconds .

========================================================================
Received Import Request.
  Time since last request: 6.363665 seconds.
  path: Assets/Scenes/jmpscr.unity
  artifactKey: Guid(361d0ce0f229c9a4abc40000e585b048) Importer(815301076,1909f56bfc062723c751e8b465ee728b)
Start importing Assets/Scenes/jmpscr.unity using Guid(361d0ce0f229c9a4abc40000e585b048) Importer(815301076,1909f56bfc062723c751e8b465ee728b)  -> (artifact id: '8ce19930e53e0776f9ee36d6b922e84d') in 0.003568 seconds
  Import took 0.012506 seconds .

========================================================================
Received Import Request.
  Time since last request: 0.505399 seconds.
  path: Assets/Scenes/mainMenu.unity
  artifactKey: Guid(78fd95b16c04a5f4dafb29749b590fed) Importer(815301076,1909f56bfc062723c751e8b465ee728b)
Start importing Assets/Scenes/mainMenu.unity using Guid(78fd95b16c04a5f4dafb29749b590fed) Importer(815301076,1909f56bfc062723c751e8b465ee728b)  -> (artifact id: '3af1faa061d3c1a58966be6341d53d20') in 0.003310 seconds
  Import took 0.026837 seconds .

========================================================================
Received Prepare
Registering precompiled user dll's ...
Registered in 0.002338 seconds.
Begin MonoManager ReloadAssembly
Native extension for WindowsStandalone target not found
Native extension for WebGL target not found
Refreshing native plugins compatible for Editor in 0.80 ms, found 1 plugins.
Preloading 0 native plugins for Editor in 0.00 ms.
Mono: successfully reloaded assembly
- Completed reload, in  1.635 seconds
Platform modules already initialized, skipping
Shader 'Universal Render Pipeline/Particles/Lit': fallback shader 'Universal Render Pipeline/Particles/SimpleLit' not found
Refreshing native plugins compatible for Editor in 0.88 ms, found 1 plugins.
Preloading 0 native plugins for Editor in 0.00 ms.
Unloading 3216 Unused Serialized files (Serialized files now loaded: 0)
System memory in use before: 141.3 MB.
System memory in use after: 141.4 MB.

Unloading 16 unused Assets to reduce memory usage. Loaded Objects now: 3798.
Total: 15.451332 ms (FindLiveObjects: 0.464583 ms CreateObjectMapping: 0.358872 ms MarkObjects: 14.459559 ms  DeleteObjects: 0.165581 ms)

========================================================================
Received Import Request.
  Time since last request: 52.887398 seconds.
  path: Assets/NewBehaviourScript.cs
  artifactKey: Guid(5758c0621e7bf394da9907596ede8fce) Importer(815301076,1909f56bfc062723c751e8b465ee728b)
Start importing Assets/NewBehaviourScript.cs using Guid(5758c0621e7bf394da9907596ede8fce) Importer(815301076,1909f56bfc062723c751e8b465ee728b)  -> (artifact id: '3e5f6750248a7228d5e5fdc3a0449b67') in 0.013434 seconds
  Import took 0.039665 seconds .

========================================================================
Received Prepare
Registering precompiled user dll's ...
Registered in 0.002221 seconds.
Begin MonoManager ReloadAssembly
Native extension for WindowsStandalone target not found
Native extension for WebGL target not found
Refreshing native plugins compatible for Editor in 0.78 ms, found 1 plugins.
Preloading 0 native plugins for Editor in 0.00 ms.
Mono: successfully reloaded assembly
- Completed reload, in  1.262 seconds
Platform modules already initialized, skipping
Shader 'Universal Render Pipeline/Particles/Lit': fallback shader 'Universal Render Pipeline/Particles/SimpleLit' not found
Refreshing native plugins compatible for Editor in 0.85 ms, found 1 plugins.
Preloading 0 native plugins for Editor in 0.00 ms.
Unloading 3216 Unused Serialized files (Serialized files now loaded: 0)
System memory in use before: 141.4 MB.
System memory in use after: 141.5 MB.

Unloading 16 unused Assets to reduce memory usage. Loaded Objects now: 3802.
Total: 4.332462 ms (FindLiveObjects: 0.528558 ms CreateObjectMapping: 0.388635 ms MarkObjects: 3.246610 ms  DeleteObjects: 0.166265 ms)

========================================================================
Received Import Request.
  Time since last request: 42.090636 seconds.
  path: Assets/enemy.cs
  artifactKey: Guid(0cac3421b74aec04c9136178005f5cdd) Importer(815301076,1909f56bfc062723c751e8b465ee728b)
Start importing Assets/enemy.cs using Guid(0cac3421b74aec04c9136178005f5cdd) Importer(815301076,1909f56bfc062723c751e8b465ee728b)  -> (artifact id: 'e9e32cce8a951320ae793640823de58c') in 0.008047 seconds
  Import took 0.015696 seconds .

========================================================================
Received Import Request.
  Time since last request: 0.000220 seconds.
  path: Assets/script
  artifactKey: Guid(ed1d08a14ea2a494dafbbba14bbcf8aa) Importer(815301076,1909f56bfc062723c751e8b465ee728b)
Start importing Assets/script using Guid(ed1d08a14ea2a494dafbbba14bbcf8aa) Importer(815301076,1909f56bfc062723c751e8b465ee728b)  -> (artifact id: '0dd3ebe4503cde1a21642c570adfabb7') in 0.004623 seconds
  Import took 0.012548 seconds .

========================================================================
Received Import Request.
  Time since last request: 1.552977 seconds.
  path: Assets/endingScreenScript.cs
  artifactKey: Guid(8a0ad130146ce1849a5153f02bb06b49) Importer(815301076,1909f56bfc062723c751e8b465ee728b)
Start importing Assets/endingScreenScript.cs using Guid(8a0ad130146ce1849a5153f02bb06b49) Importer(815301076,1909f56bfc062723c751e8b465ee728b)  -> (artifact id: '624d76626e46b5a0f0032edcd8fda810') in 0.003123 seconds
  Import took 0.020817 seconds .

========================================================================
Received Import Request.
  Time since last request: 0.000739 seconds.
  path: Assets/endingScreenScript.cs
  artifactKey: Guid(8a0ad130146ce1849a5153f02bb06b49) Importer(815301076,1909f56bfc062723c751e8b465ee728b)
Start importing Assets/endingScreenScript.cs using Guid(8a0ad130146ce1849a5153f02bb06b49) Importer(815301076,1909f56bfc062723c751e8b465ee728b)  -> (artifact id: '624d76626e46b5a0f0032edcd8fda810') in 0.001725 seconds
  Import took 0.008241 seconds .

========================================================================
Received Import Request.
  Time since last request: 8.691309 seconds.
  path: Assets/doorScript.cs
  artifactKey: Guid(e517551b85ba02d4b8ba7d752a3a5cc2) Importer(815301076,1909f56bfc062723c751e8b465ee728b)
Start importing Assets/doorScript.cs using Guid(e517551b85ba02d4b8ba7d752a3a5cc2) Importer(815301076,1909f56bfc062723c751e8b465ee728b)  -> (artifact id: '1df9b34cd50db9309a3e71e57f03aab0') in 0.002912 seconds
  Import took 0.009623 seconds .

========================================================================
Received Import Request.
  Time since last request: 0.000573 seconds.
  path: Assets/doorScript.cs
  artifactKey: Guid(e517551b85ba02d4b8ba7d752a3a5cc2) Importer(815301076,1909f56bfc062723c751e8b465ee728b)
Start importing Assets/doorScript.cs using Guid(e517551b85ba02d4b8ba7d752a3a5cc2) Importer(815301076,1909f56bfc062723c751e8b465ee728b)  -> (artifact id: '1df9b34cd50db9309a3e71e57f03aab0') in 0.002098 seconds
  Import took 0.008981 seconds .

========================================================================
Received Prepare
Registering precompiled user dll's ...
Registered in 0.006394 seconds.
Begin MonoManager ReloadAssembly
Native extension for WindowsStandalone target not found
Native extension for WebGL target not found
Refreshing native plugins compatible for Editor in 0.75 ms, found 1 plugins.
Preloading 0 native plugins for Editor in 0.00 ms.
Mono: successfully reloaded assembly
- Completed reload, in  1.240 seconds
Platform modules already initialized, skipping
Shader 'Universal Render Pipeline/Particles/Lit': fallback shader 'Universal Render Pipeline/Particles/SimpleLit' not found
Refreshing native plugins compatible for Editor in 0.82 ms, found 1 plugins.
Preloading 0 native plugins for Editor in 0.00 ms.
Unloading 3216 Unused Serialized files (Serialized files now loaded: 0)
System memory in use before: 141.4 MB.
System memory in use after: 141.5 MB.

Unloading 16 unused Assets to reduce memory usage. Loaded Objects now: 3806.
Total: 4.515833 ms (FindLiveObjects: 0.535742 ms CreateObjectMapping: 0.394793 ms MarkObjects: 3.400559 ms  DeleteObjects: 0.182002 ms)

========================================================================
Received Prepare
Registering precompiled user dll's ...
Registered in 0.002100 seconds.
Begin MonoManager ReloadAssembly
Native extension for WindowsStandalone target not found
Native extension for WebGL target not found
Refreshing native plugins compatible for Editor in 0.77 ms, found 1 plugins.
Preloading 0 native plugins for Editor in 0.00 ms.
Mono: successfully reloaded assembly
- Completed reload, in  1.245 seconds
Platform modules already initialized, skipping
Shader 'Universal Render Pipeline/Particles/Lit': fallback shader 'Universal Render Pipeline/Particles/SimpleLit' not found
Refreshing native plugins compatible for Editor in 0.89 ms, found 1 plugins.
Preloading 0 native plugins for Editor in 0.00 ms.
Unloading 3216 Unused Serialized files (Serialized files now loaded: 0)
System memory in use before: 141.4 MB.
System memory in use after: 141.5 MB.

Unloading 16 unused Assets to reduce memory usage. Loaded Objects now: 3810.
Total: 3.766273 ms (FindLiveObjects: 0.373583 ms CreateObjectMapping: 0.188160 ms MarkObjects: 3.031424 ms  DeleteObjects: 0.170370 ms)

========================================================================
Received Import Request.
  Time since last request: 8.104192 seconds.
  path: Assets/openingScript.cs
  artifactKey: Guid(7c2ca835e3da06e4b86994ddecadeb2a) Importer(815301076,1909f56bfc062723c751e8b465ee728b)
Start importing Assets/openingScript.cs using Guid(7c2ca835e3da06e4b86994ddecadeb2a) Importer(815301076,1909f56bfc062723c751e8b465ee728b)  -> (artifact id: 'b1783db7ce41d17491aed975d758224b') in 0.009695 seconds
  Import took 0.016957 seconds .

========================================================================
Received Prepare
Registering precompiled user dll's ...
Registered in 0.002111 seconds.
Begin MonoManager ReloadAssembly
Native extension for WindowsStandalone target not found
Native extension for WebGL target not found
Refreshing native plugins compatible for Editor in 0.78 ms, found 1 plugins.
Preloading 0 native plugins for Editor in 0.00 ms.
Mono: successfully reloaded assembly
- Completed reload, in  1.337 seconds
Platform modules already initialized, skipping
Shader 'Universal Render Pipeline/Particles/Lit': fallback shader 'Universal Render Pipeline/Particles/SimpleLit' not found
Refreshing native plugins compatible for Editor in 0.80 ms, found 1 plugins.
Preloading 0 native plugins for Editor in 0.00 ms.
Unloading 3216 Unused Serialized files (Serialized files now loaded: 0)
System memory in use before: 141.5 MB.
System memory in use after: 141.6 MB.

Unloading 16 unused Assets to reduce memory usage. Loaded Objects now: 3814.
Total: 4.246251 ms (FindLiveObjects: 0.370161 ms CreateObjectMapping: 0.192949 ms MarkObjects: 3.500112 ms  DeleteObjects: 0.180633 ms)

========================================================================
Received Prepare
Registering precompiled user dll's ...
Registered in 0.002167 seconds.
Begin MonoManager ReloadAssembly
Native extension for WindowsStandalone target not found
Native extension for WebGL target not found
Refreshing native plugins compatible for Editor in 0.74 ms, found 1 plugins.
Preloading 0 native plugins for Editor in 0.00 ms.
Mono: successfully reloaded assembly
- Completed reload, in  1.252 seconds
Platform modules already initialized, skipping
Shader 'Universal Render Pipeline/Particles/Lit': fallback shader 'Universal Render Pipeline/Particles/SimpleLit' not found
Refreshing native plugins compatible for Editor in 0.80 ms, found 1 plugins.
Preloading 0 native plugins for Editor in 0.00 ms.
Unloading 3216 Unused Serialized files (Serialized files now loaded: 0)
System memory in use before: 141.5 MB.
System memory in use after: 141.6 MB.

Unloading 16 unused Assets to reduce memory usage. Loaded Objects now: 3818.
Total: 3.652693 ms (FindLiveObjects: 0.411214 ms CreateObjectMapping: 0.191581 ms MarkObjects: 2.880896 ms  DeleteObjects: 0.166949 ms)

========================================================================
Received Prepare
Registering precompiled user dll's ...
Registered in 0.002134 seconds.
Begin MonoManager ReloadAssembly
Native extension for WindowsStandalone target not found
Native extension for WebGL target not found
Refreshing native plugins compatible for Editor in 0.87 ms, found 1 plugins.
Preloading 0 native plugins for Editor in 0.00 ms.
Mono: successfully reloaded assembly
- Completed reload, in  1.266 seconds
Platform modules already initialized, skipping
Shader 'Universal Render Pipeline/Particles/Lit': fallback shader 'Universal Render Pipeline/Particles/SimpleLit' not found
Refreshing native plugins compatible for Editor in 0.82 ms, found 1 plugins.
Preloading 0 native plugins for Editor in 0.00 ms.
Unloading 3216 Unused Serialized files (Serialized files now loaded: 0)
System memory in use before: 141.5 MB.
System memory in use after: 141.6 MB.

Unloading 16 unused Assets to reduce memory usage. Loaded Objects now: 3822.
Total: 4.166882 ms (FindLiveObjects: 0.379740 ms CreateObjectMapping: 0.198765 ms MarkObjects: 3.418691 ms  DeleteObjects: 0.167633 ms)

========================================================================
Received Import Request.
  Time since last request: 30.322595 seconds.
  path: Assets/PauseMenuScript.cs
  artifactKey: Guid(79b0c8e20d74c3d418e18ffb55a1f870) Importer(815301076,1909f56bfc062723c751e8b465ee728b)
Start importing Assets/PauseMenuScript.cs using Guid(79b0c8e20d74c3d418e18ffb55a1f870) Importer(815301076,1909f56bfc062723c751e8b465ee728b)  -> (artifact id: 'bfac9735239bacc9b89f9ce1c861a382') in 0.008512 seconds
  Import took 0.015589 seconds .

========================================================================
Received Import Request.
  Time since last request: 0.000231 seconds.
  path: Assets/pckScript.cs
  artifactKey: Guid(0cb2fcb92e4bdeb4dae11950188c9091) Importer(815301076,1909f56bfc062723c751e8b465ee728b)
Start importing Assets/pckScript.cs using Guid(0cb2fcb92e4bdeb4dae11950188c9091) Importer(815301076,1909f56bfc062723c751e8b465ee728b)  -> (artifact id: 'e2e979eec6493bc42448dc648e80fbee') in 0.003033 seconds
  Import took 0.010103 seconds .

========================================================================
Received Prepare
Registering precompiled user dll's ...
Registered in 0.002231 seconds.
Begin MonoManager ReloadAssembly
Native extension for WindowsStandalone target not found
Native extension for WebGL target not found
Refreshing native plugins compatible for Editor in 0.76 ms, found 1 plugins.
Preloading 0 native plugins for Editor in 0.00 ms.
Mono: successfully reloaded assembly
- Completed reload, in  1.267 seconds
Platform modules already initialized, skipping
Shader 'Universal Render Pipeline/Particles/Lit': fallback shader 'Universal Render Pipeline/Particles/SimpleLit' not found
Refreshing native plugins compatible for Editor in 1.02 ms, found 1 plugins.
Preloading 0 native plugins for Editor in 0.00 ms.
Unloading 3216 Unused Serialized files (Serialized files now loaded: 0)
System memory in use before: 141.5 MB.
System memory in use after: 141.6 MB.

Unloading 16 unused Assets to reduce memory usage. Loaded Objects now: 3826.
Total: 4.158671 ms (FindLiveObjects: 0.445083 ms CreateObjectMapping: 0.269582 ms MarkObjects: 3.269873 ms  DeleteObjects: 0.172081 ms)

========================================================================
Received Import Request.
  Time since last request: 23.716814 seconds.
  path: Assets/sprites/jmpScript.cs
  artifactKey: Guid(89415fe3166ea6f49a4b65e1847f0108) Importer(815301076,1909f56bfc062723c751e8b465ee728b)
Start importing Assets/sprites/jmpScript.cs using Guid(89415fe3166ea6f49a4b65e1847f0108) Importer(815301076,1909f56bfc062723c751e8b465ee728b)  -> (artifact id: '8905b3733ea3acdd9eb01bde46f6ef23') in 0.008190 seconds
  Import took 0.014923 seconds .

========================================================================
Received Import Request.
  Time since last request: 0.001902 seconds.
  path: Assets/sprites/jmpScript.cs
  artifactKey: Guid(89415fe3166ea6f49a4b65e1847f0108) Importer(815301076,1909f56bfc062723c751e8b465ee728b)
Start importing Assets/sprites/jmpScript.cs using Guid(89415fe3166ea6f49a4b65e1847f0108) Importer(815301076,1909f56bfc062723c751e8b465ee728b)  -> (artifact id: '8905b3733ea3acdd9eb01bde46f6ef23') in 0.002004 seconds
  Import took 0.008851 seconds .

========================================================================
Received Prepare
Registering precompiled user dll's ...
Registered in 0.002165 seconds.
Begin MonoManager ReloadAssembly
Native extension for WindowsStandalone target not found
Native extension for WebGL target not found
Refreshing native plugins compatible for Editor in 0.75 ms, found 1 plugins.
Preloading 0 native plugins for Editor in 0.00 ms.
Mono: successfully reloaded assembly
- Completed reload, in  1.257 seconds
Platform modules already initialized, skipping
Shader 'Universal Render Pipeline/Particles/Lit': fallback shader 'Universal Render Pipeline/Particles/SimpleLit' not found
Refreshing native plugins compatible for Editor in 0.84 ms, found 1 plugins.
Preloading 0 native plugins for Editor in 0.00 ms.
Unloading 3216 Unused Serialized files (Serialized files now loaded: 0)
System memory in use before: 141.5 MB.
System memory in use after: 141.6 MB.

Unloading 16 unused Assets to reduce memory usage. Loaded Objects now: 3830.
Total: 4.673887 ms (FindLiveObjects: 0.535742 ms CreateObjectMapping: 0.399241 ms MarkObjects: 3.521665 ms  DeleteObjects: 0.215528 ms)

========================================================================
Received Import Request.
  Time since last request: 59.746975 seconds.
  path: Assets/audio
  artifactKey: Guid(54b30155f4fa2764c892daf7cfb006f3) Importer(815301076,1909f56bfc062723c751e8b465ee728b)
Start importing Assets/audio using Guid(54b30155f4fa2764c892daf7cfb006f3) Importer(815301076,1909f56bfc062723c751e8b465ee728b)  -> (artifact id: 'd12a2a15a018dce81ef11862b187d7b8') in 0.010745 seconds
  Import took 0.018703 seconds .

========================================================================
Received Import Request.
  Time since last request: 0.008638 seconds.
  path: Assets/audio
  artifactKey: Guid(54b30155f4fa2764c892daf7cfb006f3) Importer(815301076,1909f56bfc062723c751e8b465ee728b)
Start importing Assets/audio using Guid(54b30155f4fa2764c892daf7cfb006f3) Importer(815301076,1909f56bfc062723c751e8b465ee728b)  -> (artifact id: 'd12a2a15a018dce81ef11862b187d7b8') in 0.001820 seconds
  Import took 0.008732 seconds .

========================================================================
Received Import Request.
  Time since last request: 17.326983 seconds.
  path: Assets/prefabs
  artifactKey: Guid(827880a4a09ec8248905605d4c3630f2) Importer(815301076,1909f56bfc062723c751e8b465ee728b)
Start importing Assets/prefabs using Guid(827880a4a09ec8248905605d4c3630f2) Importer(815301076,1909f56bfc062723c751e8b465ee728b)  -> (artifact id: 'f7f12e6af92bf6f1b3fa06c6018b6ba4') in 0.003650 seconds
  Import took 0.011103 seconds .

========================================================================
Received Import Request.
  Time since last request: 2.777301 seconds.
  path: Assets/bck anim.anim
  artifactKey: Guid(de6d66603ee0a13489376bb9e6a4e11d) Importer(815301076,1909f56bfc062723c751e8b465ee728b)
Start importing Assets/bck anim.anim using Guid(de6d66603ee0a13489376bb9e6a4e11d) Importer(815301076,1909f56bfc062723c751e8b465ee728b)  -> (artifact id: 'e159914a43eeb14bfaba0a6dcbd377a5') in 0.019350 seconds
  Import took 0.028203 seconds .

========================================================================
Received Import Request.
  Time since last request: 0.189931 seconds.
  path: Assets/bck anim.anim
  artifactKey: Guid(de6d66603ee0a13489376bb9e6a4e11d) Importer(815301076,1909f56bfc062723c751e8b465ee728b)
Start importing Assets/bck anim.anim using Guid(de6d66603ee0a13489376bb9e6a4e11d) Importer(815301076,1909f56bfc062723c751e8b465ee728b)  -> (artifact id: 'e159914a43eeb14bfaba0a6dcbd377a5') in 0.003337 seconds
  Import took 0.011659 seconds .

========================================================================
Received Prepare
Registering precompiled user dll's ...
Registered in 0.002396 seconds.
Begin MonoManager ReloadAssembly
Native extension for WindowsStandalone target not found
Native extension for WebGL target not found
Refreshing native plugins compatible for Editor in 0.79 ms, found 1 plugins.
Preloading 0 native plugins for Editor in 0.00 ms.
Mono: successfully reloaded assembly
- Completed reload, in  1.244 seconds
Platform modules already initialized, skipping
Shader 'Universal Render Pipeline/Particles/Lit': fallback shader 'Universal Render Pipeline/Particles/SimpleLit' not found
Refreshing native plugins compatible for Editor in 0.76 ms, found 1 plugins.
Preloading 0 native plugins for Editor in 0.00 ms.
Unloading 3216 Unused Serialized files (Serialized files now loaded: 0)
System memory in use before: 141.5 MB.
System memory in use after: 141.6 MB.

Unloading 16 unused Assets to reduce memory usage. Loaded Objects now: 3834.
Total: 4.168935 ms (FindLiveObjects: 0.481347 ms CreateObjectMapping: 0.358530 ms MarkObjects: 3.145688 ms  DeleteObjects: 0.180633 ms)

========================================================================
Received Prepare
Registering precompiled user dll's ...
Registered in 0.002067 seconds.
Begin MonoManager ReloadAssembly
Native extension for WindowsStandalone target not found
Native extension for WebGL target not found
Refreshing native plugins compatible for Editor in 0.77 ms, found 1 plugins.
Preloading 0 native plugins for Editor in 0.00 ms.
Mono: successfully reloaded assembly
- Completed reload, in  1.242 seconds
Platform modules already initialized, skipping
Shader 'Universal Render Pipeline/Particles/Lit': fallback shader 'Universal Render Pipeline/Particles/SimpleLit' not found
Refreshing native plugins compatible for Editor in 0.90 ms, found 1 plugins.
Preloading 0 native plugins for Editor in 0.00 ms.
Unloading 3216 Unused Serialized files (Serialized files now loaded: 0)
System memory in use before: 141.5 MB.
System memory in use after: 141.6 MB.

Unloading 16 unused Assets to reduce memory usage. Loaded Objects now: 3838.
Total: 4.319804 ms (FindLiveObjects: 0.455689 ms CreateObjectMapping: 0.307556 ms MarkObjects: 3.373874 ms  DeleteObjects: 0.180633 ms)

========================================================================
Received Prepare
Registering precompiled user dll's ...
Registered in 0.002237 seconds.
Begin MonoManager ReloadAssembly
Native extension for WindowsStandalone target not found
Native extension for WebGL target not found
Refreshing native plugins compatible for Editor in 0.75 ms, found 1 plugins.
Preloading 0 native plugins for Editor in 0.00 ms.
Mono: successfully reloaded assembly
- Completed reload, in  1.239 seconds
Platform modules already initialized, skipping
Shader 'Universal Render Pipeline/Particles/Lit': fallback shader 'Universal Render Pipeline/Particles/SimpleLit' not found
Refreshing native plugins compatible for Editor in 0.81 ms, found 1 plugins.
Preloading 0 native plugins for Editor in 0.00 ms.
Unloading 3216 Unused Serialized files (Serialized files now loaded: 0)
System memory in use before: 141.5 MB.
System memory in use after: 141.6 MB.

Unloading 16 unused Assets to reduce memory usage. Loaded Objects now: 3842.
Total: 4.292094 ms (FindLiveObjects: 0.355793 ms CreateObjectMapping: 0.297292 ms MarkObjects: 3.473428 ms  DeleteObjects: 0.164554 ms)

AssetImportWorkerClient::OnTransportError - code=2 error=End of file
