Using pre-set license
Built from '2020.3/release' branch; Version is '2020.3.7f1 (dd97f2c94397) revision 14522354'; Using compiler version '192528614'; Build Type 'Release'
OS: 'Windows 8  (6.2.0) 64bit' Language: 'pl' Physical Memory: 8079 MB
BatchMode: 1, IsHumanControllingUs: 0, StartBugReporterOnCrash: 0, Is64bit: 1, IsPro: 0

 COMMAND LINE ARGUMENTS:
C:\Program Files\Unity\Hub\Editor\2020.3.7f1\Editor\Unity.exe
-adb2
-batchMode
-noUpm
-name
AssetImportWorker3
-projectPath
C:/Users/Przemek/Horror
-logFile
Logs/AssetImportWorker3.log
-srvPort
56566
Successfully changed project path to: C:/Users/Przemek/Horror
C:/Users/Przemek/Horror
Using Asset Import Pipeline V2.
Refreshing native plugins compatible for Editor in 92.03 ms, found 1 plugins.
Preloading 0 native plugins for Editor in 0.00 ms.
Initialize engine version: 2020.3.7f1 (dd97f2c94397)
[Subsystems] Discovering subsystems at path C:/Program Files/Unity/Hub/Editor/2020.3.7f1/Editor/Data/Resources/UnitySubsystems
[Subsystems] Discovering subsystems at path C:/Users/Przemek/Horror/Assets
GfxDevice: creating device client; threaded=0
d3d11: CreateDXGIFactory2(...) not found, fallbacking to CreateDXGIFactory1(...).
d3d11: QueryInterface(IDXGIFactory5) failed (80004002).
Direct3D:
    Version:  Direct3D 11.0 [level 11.0]
    Renderer: AMD Radeon HD 6670 (Microsoft Corporation - WDDM v1.20) (ID=0x6758)
    Vendor:   
    VRAM:     1008 MB
    Driver:   8.97.10.6
Shader 'Universal Render Pipeline/Particles/Lit': fallback shader 'Universal Render Pipeline/Particles/SimpleLit' not found
Initialize mono
Mono path[0] = 'C:/Program Files/Unity/Hub/Editor/2020.3.7f1/Editor/Data/Managed'
Mono path[1] = 'C:/Program Files/Unity/Hub/Editor/2020.3.7f1/Editor/Data/MonoBleedingEdge/lib/mono/unityjit'
Mono config path = 'C:/Program Files/Unity/Hub/Editor/2020.3.7f1/Editor/Data/MonoBleedingEdge/etc'
Using monoOptions --debugger-agent=transport=dt_socket,embedding=1,server=y,suspend=n,address=127.0.0.1:56488
Begin MonoManager ReloadAssembly
Registering precompiled unity dll's ...
Register platform support module: C:/Program Files/Unity/Hub/Editor/2020.3.7f1/Editor/Data/PlaybackEngines/WebGLSupport/UnityEditor.WebGL.Extensions.dll
Register platform support module: C:/Program Files/Unity/Hub/Editor/2020.3.7f1/Editor/Data/PlaybackEngines/WindowsStandaloneSupport/UnityEditor.WindowsStandalone.Extensions.dll
Registered in 0.001629 seconds.
Native extension for WindowsStandalone target not found
Native extension for WebGL target not found
Refreshing native plugins compatible for Editor in 96.91 ms, found 1 plugins.
Preloading 0 native plugins for Editor in 0.00 ms.
Mono: successfully reloaded assembly
- Completed reload, in  1.411 seconds
Platform modules already initialized, skipping
Registering precompiled user dll's ...
Registered in 0.002269 seconds.
Begin MonoManager ReloadAssembly
Native extension for WindowsStandalone target not found
Native extension for WebGL target not found
Refreshing native plugins compatible for Editor in 98.00 ms, found 1 plugins.
Preloading 0 native plugins for Editor in 0.00 ms.
Mono: successfully reloaded assembly
- Completed reload, in  1.469 seconds
Platform modules already initialized, skipping
========================================================================
Worker process is ready to serve import requests
Shader 'Universal Render Pipeline/Particles/Lit': fallback shader 'Universal Render Pipeline/Particles/SimpleLit' not found
Launched and connected shader compiler UnityShaderCompiler.exe after 0.65 seconds
Refreshing native plugins compatible for Editor in 0.90 ms, found 1 plugins.
Preloading 0 native plugins for Editor in 0.00 ms.
Unloading 3343 Unused Serialized files (Serialized files now loaded: 0)
System memory in use before: 145.8 MB.
System memory in use after: 145.8 MB.

Unloading 28 unused Assets to reduce memory usage. Loaded Objects now: 3784.
Total: 4.251380 ms (FindLiveObjects: 0.489215 ms CreateObjectMapping: 0.362293 ms MarkObjects: 3.200423 ms  DeleteObjects: 0.197054 ms)

========================================================================
Received Import Request.
  path: Assets/animations/Image (1).controller
  artifactKey: Guid(ea4c73fd3f4251b4395f919bfc4920d0) Importer(815301076,1909f56bfc062723c751e8b465ee728b)
Start importing Assets/animations/Image (1).controller using Guid(ea4c73fd3f4251b4395f919bfc4920d0) Importer(815301076,1909f56bfc062723c751e8b465ee728b)  -> (artifact id: 'bf2b3c07b23d2f643684c327c8873736') in 0.127240 seconds
  Import took 0.155492 seconds .

========================================================================
Received Import Request.
  Time since last request: 37.001528 seconds.
  path: Assets/sprites 1
  artifactKey: Guid(828a2b2633be2bb4e897bfcf9a02a6bc) Importer(815301076,1909f56bfc062723c751e8b465ee728b)
Start importing Assets/sprites 1 using Guid(828a2b2633be2bb4e897bfcf9a02a6bc) Importer(815301076,1909f56bfc062723c751e8b465ee728b)  -> (artifact id: '11cae654365083ddfe0184494c5901a0') in 0.002705 seconds
  Import took 0.019157 seconds .

========================================================================
Received Import Request.
  Time since last request: 45.530700 seconds.
  path: Assets/script
  artifactKey: Guid(be5c6fddb53aac543ab4a05735c2eeab) Importer(815301076,1909f56bfc062723c751e8b465ee728b)
Start importing Assets/script using Guid(be5c6fddb53aac543ab4a05735c2eeab) Importer(815301076,1909f56bfc062723c751e8b465ee728b)  -> (artifact id: '3fa758a883e4e77efd8a6b1e2f27465f') in 0.002673 seconds
  Import took 0.029657 seconds .

========================================================================
Received Import Request.
  Time since last request: 41.739484 seconds.
  path: Assets/prefabs
  artifactKey: Guid(38846f366387c7e43b1d54947d73ac39) Importer(815301076,1909f56bfc062723c751e8b465ee728b)
Start importing Assets/prefabs using Guid(38846f366387c7e43b1d54947d73ac39) Importer(815301076,1909f56bfc062723c751e8b465ee728b)  -> (artifact id: '818bf35a98a9211c71eee82d8ff3ad55') in 0.003035 seconds
  Import took 0.036219 seconds .

========================================================================
Received Import Request.
  Time since last request: 31.346776 seconds.
  path: Assets/CasualGameSounds
  artifactKey: Guid(876b3af540033434e9f8e05902d417c9) Importer(815301076,1909f56bfc062723c751e8b465ee728b)
Start importing Assets/CasualGameSounds using Guid(876b3af540033434e9f8e05902d417c9) Importer(815301076,1909f56bfc062723c751e8b465ee728b)  -> (artifact id: '4f773d546c0cd4be0b91b7e89f942ee9') in 0.003072 seconds
  Import took 0.039221 seconds .

========================================================================
Received Import Request.
  Time since last request: 24.954040 seconds.
  path: Assets/Scenes/screa,.mp3
  artifactKey: Guid(906502ffc77a2a845a7f3fb46a434807) Importer(815301076,1909f56bfc062723c751e8b465ee728b)
Start importing Assets/Scenes/screa,.mp3 using Guid(906502ffc77a2a845a7f3fb46a434807) Importer(815301076,1909f56bfc062723c751e8b465ee728b)  -> (artifact id: 'af54aa943501b6c6452f5fc7ecb5e2c5') in 0.328635 seconds
  Import took 0.341943 seconds .

========================================================================
Received Import Request.
  Time since last request: 6.613819 seconds.
  path: Assets/Scenes/scream.mp3
  artifactKey: Guid(906502ffc77a2a845a7f3fb46a434807) Importer(815301076,1909f56bfc062723c751e8b465ee728b)
Start importing Assets/Scenes/scream.mp3 using Guid(906502ffc77a2a845a7f3fb46a434807) Importer(815301076,1909f56bfc062723c751e8b465ee728b)  -> (artifact id: '490888e94f8d606881e15a032659128b') in 0.022702 seconds
  Import took 0.049771 seconds .

========================================================================
Received Import Request.
  Time since last request: 28.598755 seconds.
  path: Assets/audio
  artifactKey: Guid(1948e73770b26504ab0a69205a748e3d) Importer(815301076,1909f56bfc062723c751e8b465ee728b)
Start importing Assets/audio using Guid(1948e73770b26504ab0a69205a748e3d) Importer(815301076,1909f56bfc062723c751e8b465ee728b)  -> (artifact id: '1389cc7724ecbb0e289fa79c65a5fbb7') in 0.004045 seconds
  Import took 0.032036 seconds .

========================================================================
Received Import Request.
  Time since last request: 53.824287 seconds.
  path: Assets/Scenes/mainMenu.unity
  artifactKey: Guid(78fd95b16c04a5f4dafb29749b590fed) Importer(815301076,1909f56bfc062723c751e8b465ee728b)
Start importing Assets/Scenes/mainMenu.unity using Guid(78fd95b16c04a5f4dafb29749b590fed) Importer(815301076,1909f56bfc062723c751e8b465ee728b)  -> (artifact id: '3af1faa061d3c1a58966be6341d53d20') in 0.003846 seconds
  Import took 0.044098 seconds .

========================================================================
Received Import Request.
  Time since last request: 40.390984 seconds.
  path: Assets/script/jzsScript.cs
  artifactKey: Guid(002273ac8d257054fa19345c4136ab36) Importer(815301076,1909f56bfc062723c751e8b465ee728b)
Start importing Assets/script/jzsScript.cs using Guid(002273ac8d257054fa19345c4136ab36) Importer(815301076,1909f56bfc062723c751e8b465ee728b)  -> (artifact id: 'ea784393bc1220a0e9c3ce89aa0150f0') in 0.074074 seconds
  Import took 0.098814 seconds .

========================================================================
Received Import Request.
  Time since last request: 16.182541 seconds.
  path: Assets/Scenes/jmpscr.unity
  artifactKey: Guid(361d0ce0f229c9a4abc40000e585b048) Importer(815301076,1909f56bfc062723c751e8b465ee728b)
Start importing Assets/Scenes/jmpscr.unity using Guid(361d0ce0f229c9a4abc40000e585b048) Importer(815301076,1909f56bfc062723c751e8b465ee728b)  -> (artifact id: '8ce19930e53e0776f9ee36d6b922e84d') in 0.029669 seconds
  Import took 0.126726 seconds .

========================================================================
Received Import Request.
  Time since last request: 2.723056 seconds.
  path: Assets/Scenes/endingScreen.unity
  artifactKey: Guid(0a738f97c8fa19644b7a0d504dd29836) Importer(815301076,1909f56bfc062723c751e8b465ee728b)
Start importing Assets/Scenes/endingScreen.unity using Guid(0a738f97c8fa19644b7a0d504dd29836) Importer(815301076,1909f56bfc062723c751e8b465ee728b)  -> (artifact id: 'dd40eeeea15a24279954704d78985039') in 0.029349 seconds
  Import took 0.078670 seconds .

========================================================================
Received Prepare
Registering precompiled user dll's ...
Registered in 0.002375 seconds.
Begin MonoManager ReloadAssembly
Native extension for WindowsStandalone target not found
Native extension for WebGL target not found
Refreshing native plugins compatible for Editor in 0.81 ms, found 1 plugins.
Preloading 0 native plugins for Editor in 0.00 ms.
Mono: successfully reloaded assembly
- Completed reload, in  1.255 seconds
Platform modules already initialized, skipping
Shader 'Universal Render Pipeline/Particles/Lit': fallback shader 'Universal Render Pipeline/Particles/SimpleLit' not found
Refreshing native plugins compatible for Editor in 0.87 ms, found 1 plugins.
Preloading 0 native plugins for Editor in 0.00 ms.
Unloading 3215 Unused Serialized files (Serialized files now loaded: 0)
System memory in use before: 141.2 MB.
System memory in use after: 141.3 MB.

Unloading 16 unused Assets to reduce memory usage. Loaded Objects now: 3797.
Total: 4.456987 ms (FindLiveObjects: 0.545321 ms CreateObjectMapping: 0.487162 ms MarkObjects: 3.238739 ms  DeleteObjects: 0.183370 ms)

========================================================================
Received Import Request.
  Time since last request: 197.159140 seconds.
  path: Assets/Scenes/SampleScene/Global Volume Profile.asset
  artifactKey: Guid(9aaea4d903dc854478672fb1cc240387) Importer(815301076,1909f56bfc062723c751e8b465ee728b)
Start importing Assets/Scenes/SampleScene/Global Volume Profile.asset using Guid(9aaea4d903dc854478672fb1cc240387) Importer(815301076,1909f56bfc062723c751e8b465ee728b)  -> (artifact id: '197bd26652b9f7b9f625e15b3edeca4c') in 0.056195 seconds
  Import took 0.078102 seconds .

========================================================================
Received Prepare
Registering precompiled user dll's ...
Registered in 0.002243 seconds.
Begin MonoManager ReloadAssembly
Native extension for WindowsStandalone target not found
Native extension for WebGL target not found
Refreshing native plugins compatible for Editor in 0.78 ms, found 1 plugins.
Preloading 0 native plugins for Editor in 0.00 ms.
Mono: successfully reloaded assembly
- Completed reload, in  1.298 seconds
Platform modules already initialized, skipping
Shader 'Universal Render Pipeline/Particles/Lit': fallback shader 'Universal Render Pipeline/Particles/SimpleLit' not found
Refreshing native plugins compatible for Editor in 0.83 ms, found 1 plugins.
Preloading 0 native plugins for Editor in 0.00 ms.
Unloading 3215 Unused Serialized files (Serialized files now loaded: 0)
System memory in use before: 141.3 MB.
System memory in use after: 141.4 MB.

Unloading 16 unused Assets to reduce memory usage. Loaded Objects now: 3801.
Total: 3.939377 ms (FindLiveObjects: 0.400267 ms CreateObjectMapping: 0.221686 ms MarkObjects: 3.106343 ms  DeleteObjects: 0.209028 ms)

========================================================================
Received Prepare
Registering precompiled user dll's ...
Registered in 0.002607 seconds.
Begin MonoManager ReloadAssembly
Native extension for WindowsStandalone target not found
Native extension for WebGL target not found
Refreshing native plugins compatible for Editor in 0.78 ms, found 1 plugins.
Preloading 0 native plugins for Editor in 0.00 ms.
Mono: successfully reloaded assembly
- Completed reload, in  1.286 seconds
Platform modules already initialized, skipping
Shader 'Universal Render Pipeline/Particles/Lit': fallback shader 'Universal Render Pipeline/Particles/SimpleLit' not found
Refreshing native plugins compatible for Editor in 0.94 ms, found 1 plugins.
Preloading 0 native plugins for Editor in 0.00 ms.
Unloading 3215 Unused Serialized files (Serialized files now loaded: 0)
System memory in use before: 141.3 MB.
System memory in use after: 141.4 MB.

Unloading 16 unused Assets to reduce memory usage. Loaded Objects now: 3805.
Total: 4.484356 ms (FindLiveObjects: 0.373240 ms CreateObjectMapping: 0.176870 ms MarkObjects: 3.767639 ms  DeleteObjects: 0.164554 ms)

========================================================================
Received Import Request.
  Time since last request: 320.413506 seconds.
  path: Assets/Scenes/opening.unity
  artifactKey: Guid(7868833bf3a93504ca216718fdecaa65) Importer(815301076,1909f56bfc062723c751e8b465ee728b)
Start importing Assets/Scenes/opening.unity using Guid(7868833bf3a93504ca216718fdecaa65) Importer(815301076,1909f56bfc062723c751e8b465ee728b)  -> (artifact id: 'cdb27360665e0ad51c39494c54976949') in 0.046600 seconds
  Import took 0.077285 seconds .

========================================================================
Received Prepare
Registering precompiled user dll's ...
Registered in 0.002171 seconds.
Begin MonoManager ReloadAssembly
Native extension for WindowsStandalone target not found
Native extension for WebGL target not found
Refreshing native plugins compatible for Editor in 0.81 ms, found 1 plugins.
Preloading 0 native plugins for Editor in 0.00 ms.
Mono: successfully reloaded assembly
- Completed reload, in  1.319 seconds
Platform modules already initialized, skipping
Shader 'Universal Render Pipeline/Particles/Lit': fallback shader 'Universal Render Pipeline/Particles/SimpleLit' not found
Refreshing native plugins compatible for Editor in 0.80 ms, found 1 plugins.
Preloading 0 native plugins for Editor in 0.00 ms.
Unloading 3215 Unused Serialized files (Serialized files now loaded: 0)
System memory in use before: 141.4 MB.
System memory in use after: 141.5 MB.

Unloading 16 unused Assets to reduce memory usage. Loaded Objects now: 3809.
Total: 6.613980 ms (FindLiveObjects: 0.378372 ms CreateObjectMapping: 0.191581 ms MarkObjects: 5.874342 ms  DeleteObjects: 0.167633 ms)

========================================================================
Received Import Request.
  Time since last request: 20.183683 seconds.
  path: Assets/Scenes/SampleScene.unity
  artifactKey: Guid(2cda990e2423bbf4892e6590ba056729) Importer(815301076,1909f56bfc062723c751e8b465ee728b)
Start importing Assets/Scenes/SampleScene.unity using Guid(2cda990e2423bbf4892e6590ba056729) Importer(815301076,1909f56bfc062723c751e8b465ee728b)  -> (artifact id: '17e78ff56f69fe3131135183b8bcd551') in 0.019539 seconds
  Import took 0.027016 seconds .

========================================================================
Received Prepare
Trying to reload asset but can't find object on disk

Trying to reload asset but can't find object on disk

Trying to reload asset but can't find object on disk

Trying to reload asset but can't find object on disk

Trying to reload asset but can't find object on disk

Trying to reload asset but can't find object on disk

Trying to reload asset but can't find object on disk

Trying to reload asset but can't find object on disk

Trying to reload asset but can't find object on disk

Trying to reload asset but can't find object on disk

Trying to reload asset but can't find object on disk

Trying to reload asset but can't find object on disk

Trying to reload asset but can't find object on disk

Trying to reload asset but can't find object on disk

Trying to reload asset but can't find object on disk

Trying to reload asset but can't find object on disk

Trying to reload asset but can't find object on disk

Trying to reload asset but can't find object on disk

Registering precompiled user dll's ...
Registered in 0.000640 seconds.
Begin MonoManager ReloadAssembly
Native extension for WindowsStandalone target not found
Native extension for WebGL target not found
Refreshing native plugins compatible for Editor in 37.28 ms, found 0 plugins.
Preloading 0 native plugins for Editor in 0.00 ms.
Mono: successfully reloaded assembly
- Completed reload, in  1.270 seconds
Platform modules already initialized, skipping
Switching render pipeline 01854f01dce9bf54fad2dbb7ad4fe961 -> 00000000000000000000000000000000
Shader 'Universal Render Pipeline/Particles/Lit': fallback shader 'Universal Render Pipeline/Particles/SimpleLit' not found
Refreshing native plugins compatible for Editor in 0.29 ms, found 0 plugins.
Preloading 0 native plugins for Editor in 0.00 ms.
Unloading 1111 Unused Serialized files (Serialized files now loaded: 0)
System memory in use before: 97.9 MB.
System memory in use after: 98.1 MB.

Unloading 741 unused Assets to reduce memory usage. Loaded Objects now: 3075.
Total: 5.603050 ms (FindLiveObjects: 1.754673 ms CreateObjectMapping: 0.265818 ms MarkObjects: 2.689655 ms  DeleteObjects: 0.890850 ms)

AssetImportWorkerClient::OnTransportError - code=2 error=End of file
