Using pre-set license
Built from '2020.3/release' branch; Version is '2020.3.7f1 (dd97f2c94397) revision 14522354'; Using compiler version '192528614'; Build Type 'Release'
OS: 'Windows 8  (6.2.0) 64bit' Language: 'pl' Physical Memory: 8079 MB
BatchMode: 1, IsHumanControllingUs: 0, StartBugReporterOnCrash: 0, Is64bit: 1, IsPro: 0

 COMMAND LINE ARGUMENTS:
C:\Program Files\Unity\Hub\Editor\2020.3.7f1\Editor\Unity.exe
-adb2
-batchMode
-noUpm
-name
AssetImportWorker1
-projectPath
C:/Users/Przemek/Horror
-logFile
Logs/AssetImportWorker1.log
-srvPort
61815
Successfully changed project path to: C:/Users/Przemek/Horror
C:/Users/Przemek/Horror
Using Asset Import Pipeline V2.
Refreshing native plugins compatible for Editor in 95.49 ms, found 1 plugins.
Preloading 0 native plugins for Editor in 0.00 ms.
Initialize engine version: 2020.3.7f1 (dd97f2c94397)
[Subsystems] Discovering subsystems at path C:/Program Files/Unity/Hub/Editor/2020.3.7f1/Editor/Data/Resources/UnitySubsystems
[Subsystems] Discovering subsystems at path C:/Users/Przemek/Horror/Assets
GfxDevice: creating device client; threaded=0
d3d11: CreateDXGIFactory2(...) not found, fallbacking to CreateDXGIFactory1(...).
d3d11: QueryInterface(IDXGIFactory5) failed (80004002).
Direct3D:
    Version:  Direct3D 11.0 [level 11.0]
    Renderer: AMD Radeon HD 6670 (Microsoft Corporation - WDDM v1.20) (ID=0x6758)
    Vendor:   
    VRAM:     1008 MB
    Driver:   8.97.10.6
Shader 'Universal Render Pipeline/Particles/Lit': fallback shader 'Universal Render Pipeline/Particles/SimpleLit' not found
Initialize mono
Mono path[0] = 'C:/Program Files/Unity/Hub/Editor/2020.3.7f1/Editor/Data/Managed'
Mono path[1] = 'C:/Program Files/Unity/Hub/Editor/2020.3.7f1/Editor/Data/MonoBleedingEdge/lib/mono/unityjit'
Mono config path = 'C:/Program Files/Unity/Hub/Editor/2020.3.7f1/Editor/Data/MonoBleedingEdge/etc'
Using monoOptions --debugger-agent=transport=dt_socket,embedding=1,server=y,suspend=n,address=127.0.0.1:56568
Begin MonoManager ReloadAssembly
Registering precompiled unity dll's ...
Register platform support module: C:/Program Files/Unity/Hub/Editor/2020.3.7f1/Editor/Data/PlaybackEngines/WebGLSupport/UnityEditor.WebGL.Extensions.dll
Register platform support module: C:/Program Files/Unity/Hub/Editor/2020.3.7f1/Editor/Data/PlaybackEngines/WindowsStandaloneSupport/UnityEditor.WindowsStandalone.Extensions.dll
Registered in 0.001662 seconds.
Native extension for WindowsStandalone target not found
Native extension for WebGL target not found
Refreshing native plugins compatible for Editor in 97.26 ms, found 1 plugins.
Preloading 0 native plugins for Editor in 0.00 ms.
Mono: successfully reloaded assembly
- Completed reload, in 20.202 seconds
Platform modules already initialized, skipping
Registering precompiled user dll's ...
Registered in 0.002226 seconds.
Begin MonoManager ReloadAssembly
Native extension for WindowsStandalone target not found
Native extension for WebGL target not found
Refreshing native plugins compatible for Editor in 92.42 ms, found 1 plugins.
Preloading 0 native plugins for Editor in 0.00 ms.
Mono: successfully reloaded assembly
- Completed reload, in  1.455 seconds
Platform modules already initialized, skipping
========================================================================
Worker process is ready to serve import requests
Shader 'Universal Render Pipeline/Particles/Lit': fallback shader 'Universal Render Pipeline/Particles/SimpleLit' not found
Launched and connected shader compiler UnityShaderCompiler.exe after 0.33 seconds
Refreshing native plugins compatible for Editor in 0.80 ms, found 1 plugins.
Preloading 0 native plugins for Editor in 0.00 ms.
Unloading 3341 Unused Serialized files (Serialized files now loaded: 0)
System memory in use before: 145.8 MB.
System memory in use after: 145.8 MB.

Unloading 28 unused Assets to reduce memory usage. Loaded Objects now: 3782.
Total: 3.655769 ms (FindLiveObjects: 0.392740 ms CreateObjectMapping: 0.209028 ms MarkObjects: 2.862078 ms  DeleteObjects: 0.189528 ms)

========================================================================
Received Import Request.
  path: Assets/Scenes/opening.unity
  artifactKey: Guid(7868833bf3a93504ca216718fdecaa65) Importer(815301076,1909f56bfc062723c751e8b465ee728b)
Start importing Assets/Scenes/opening.unity using Guid(7868833bf3a93504ca216718fdecaa65) Importer(815301076,1909f56bfc062723c751e8b465ee728b)  -> (artifact id: '2c05217ccb5e4ad65301ad427241a543') in 0.017216 seconds
  Import took 0.023988 seconds .

========================================================================
Received Import Request.
  Time since last request: 0.077729 seconds.
  path: Assets/Scenes/opening.unity
  artifactKey: Guid(7868833bf3a93504ca216718fdecaa65) Importer(815301076,1909f56bfc062723c751e8b465ee728b)
Start importing Assets/Scenes/opening.unity using Guid(7868833bf3a93504ca216718fdecaa65) Importer(815301076,1909f56bfc062723c751e8b465ee728b)  -> (artifact id: '2c05217ccb5e4ad65301ad427241a543') in 0.002249 seconds
  Import took 0.008964 seconds .

========================================================================
Received Prepare
Registering precompiled user dll's ...
Registered in 0.002350 seconds.
Begin MonoManager ReloadAssembly
Native extension for WindowsStandalone target not found
Native extension for WebGL target not found
Refreshing native plugins compatible for Editor in 0.90 ms, found 1 plugins.
Preloading 0 native plugins for Editor in 0.00 ms.
Mono: successfully reloaded assembly
- Completed reload, in  1.227 seconds
Platform modules already initialized, skipping
Shader 'Universal Render Pipeline/Particles/Lit': fallback shader 'Universal Render Pipeline/Particles/SimpleLit' not found
Refreshing native plugins compatible for Editor in 0.86 ms, found 1 plugins.
Preloading 0 native plugins for Editor in 0.00 ms.
Unloading 3213 Unused Serialized files (Serialized files now loaded: 0)
System memory in use before: 138.2 MB.
System memory in use after: 138.3 MB.

Unloading 16 unused Assets to reduce memory usage. Loaded Objects now: 3786.
Total: 3.683138 ms (FindLiveObjects: 0.352714 ms CreateObjectMapping: 0.190896 ms MarkObjects: 2.977711 ms  DeleteObjects: 0.159422 ms)

========================================================================
Received Prepare
Registering precompiled user dll's ...
Registered in 0.002255 seconds.
Begin MonoManager ReloadAssembly
Native extension for WindowsStandalone target not found
Native extension for WebGL target not found
Refreshing native plugins compatible for Editor in 0.76 ms, found 1 plugins.
Preloading 0 native plugins for Editor in 0.00 ms.
Mono: successfully reloaded assembly
- Completed reload, in  1.275 seconds
Platform modules already initialized, skipping
Shader 'Universal Render Pipeline/Particles/Lit': fallback shader 'Universal Render Pipeline/Particles/SimpleLit' not found
Refreshing native plugins compatible for Editor in 0.86 ms, found 1 plugins.
Preloading 0 native plugins for Editor in 0.00 ms.
Unloading 3213 Unused Serialized files (Serialized files now loaded: 0)
System memory in use before: 138.3 MB.
System memory in use after: 138.4 MB.

Unloading 16 unused Assets to reduce memory usage. Loaded Objects now: 3790.
Total: 5.662919 ms (FindLiveObjects: 0.534031 ms CreateObjectMapping: 0.436530 ms MarkObjects: 4.511724 ms  DeleteObjects: 0.177212 ms)

========================================================================
Received Prepare
Registering precompiled user dll's ...
Registered in 0.002519 seconds.
Begin MonoManager ReloadAssembly
Native extension for WindowsStandalone target not found
Native extension for WebGL target not found
Refreshing native plugins compatible for Editor in 0.83 ms, found 1 plugins.
Preloading 0 native plugins for Editor in 0.00 ms.
Mono: successfully reloaded assembly
- Completed reload, in  1.256 seconds
Platform modules already initialized, skipping
Shader 'Universal Render Pipeline/Particles/Lit': fallback shader 'Universal Render Pipeline/Particles/SimpleLit' not found
Refreshing native plugins compatible for Editor in 0.85 ms, found 1 plugins.
Preloading 0 native plugins for Editor in 0.00 ms.
Unloading 3213 Unused Serialized files (Serialized files now loaded: 0)
System memory in use before: 138.3 MB.
System memory in use after: 138.4 MB.

Unloading 16 unused Assets to reduce memory usage. Loaded Objects now: 3794.
Total: 4.291064 ms (FindLiveObjects: 0.558663 ms CreateObjectMapping: 0.374266 ms MarkObjects: 3.191186 ms  DeleteObjects: 0.164896 ms)

========================================================================
Received Prepare
Registering precompiled user dll's ...
Registered in 0.002303 seconds.
Begin MonoManager ReloadAssembly
Native extension for WindowsStandalone target not found
Native extension for WebGL target not found
Refreshing native plugins compatible for Editor in 0.88 ms, found 1 plugins.
Preloading 0 native plugins for Editor in 0.00 ms.
Mono: successfully reloaded assembly
- Completed reload, in  1.364 seconds
Platform modules already initialized, skipping
Shader 'Universal Render Pipeline/Particles/Lit': fallback shader 'Universal Render Pipeline/Particles/SimpleLit' not found
Refreshing native plugins compatible for Editor in 1.21 ms, found 1 plugins.
Preloading 0 native plugins for Editor in 0.00 ms.
Unloading 3213 Unused Serialized files (Serialized files now loaded: 0)
System memory in use before: 138.4 MB.
System memory in use after: 138.5 MB.

Unloading 16 unused Assets to reduce memory usage. Loaded Objects now: 3798.
Total: 5.491180 ms (FindLiveObjects: 0.615795 ms CreateObjectMapping: 0.444399 ms MarkObjects: 4.237695 ms  DeleteObjects: 0.190212 ms)

========================================================================
Received Import Request.
  Time since last request: 914.026969 seconds.
  path: Assets/Scenes/Overek z Mateuszem Sochą, ale to tylko jego śmiech (mp3cut.net).mp3
  artifactKey: Guid(906502ffc77a2a845a7f3fb46a434807) Importer(815301076,1909f56bfc062723c751e8b465ee728b)
Start importing Assets/Scenes/Overek z Mateuszem Sochą, ale to tylko jego śmiech (mp3cut.net).mp3 using Guid(906502ffc77a2a845a7f3fb46a434807) Importer(815301076,1909f56bfc062723c751e8b465ee728b)  -> (artifact id: '50fe812c9efccb4dba7eaebf80b70219') in 1.061355 seconds
  Import took 1.070280 seconds .

========================================================================
Received Prepare
Registering precompiled user dll's ...
Registered in 0.002256 seconds.
Begin MonoManager ReloadAssembly
Native extension for WindowsStandalone target not found
Native extension for WebGL target not found
Refreshing native plugins compatible for Editor in 0.79 ms, found 1 plugins.
Preloading 0 native plugins for Editor in 0.00 ms.
Mono: successfully reloaded assembly
- Completed reload, in  1.311 seconds
Platform modules already initialized, skipping
Shader 'Universal Render Pipeline/Particles/Lit': fallback shader 'Universal Render Pipeline/Particles/SimpleLit' not found
Refreshing native plugins compatible for Editor in 0.84 ms, found 1 plugins.
Preloading 0 native plugins for Editor in 0.00 ms.
Unloading 3213 Unused Serialized files (Serialized files now loaded: 0)
System memory in use before: 141.3 MB.
System memory in use after: 141.4 MB.

Unloading 16 unused Assets to reduce memory usage. Loaded Objects now: 3811.
Total: 4.061852 ms (FindLiveObjects: 0.372898 ms CreateObjectMapping: 0.188502 ms MarkObjects: 3.328372 ms  DeleteObjects: 0.170028 ms)

========================================================================
Received Prepare
Registering precompiled user dll's ...
Registered in 0.002420 seconds.
Begin MonoManager ReloadAssembly
Native extension for WindowsStandalone target not found
Native extension for WebGL target not found
Refreshing native plugins compatible for Editor in 0.80 ms, found 1 plugins.
Preloading 0 native plugins for Editor in 0.00 ms.
Mono: successfully reloaded assembly
- Completed reload, in  1.258 seconds
Platform modules already initialized, skipping
Shader 'Universal Render Pipeline/Particles/Lit': fallback shader 'Universal Render Pipeline/Particles/SimpleLit' not found
Refreshing native plugins compatible for Editor in 0.84 ms, found 1 plugins.
Preloading 0 native plugins for Editor in 0.00 ms.
Unloading 3213 Unused Serialized files (Serialized files now loaded: 0)
System memory in use before: 141.4 MB.
System memory in use after: 141.5 MB.

Unloading 16 unused Assets to reduce memory usage. Loaded Objects now: 3815.
Total: 5.981079 ms (FindLiveObjects: 0.350661 ms CreateObjectMapping: 0.238792 ms MarkObjects: 5.228099 ms  DeleteObjects: 0.161817 ms)

========================================================================
Received Prepare
Registering precompiled user dll's ...
Registered in 0.002368 seconds.
Begin MonoManager ReloadAssembly
Native extension for WindowsStandalone target not found
Native extension for WebGL target not found
Refreshing native plugins compatible for Editor in 0.80 ms, found 1 plugins.
Preloading 0 native plugins for Editor in 0.00 ms.
Mono: successfully reloaded assembly
- Completed reload, in  1.377 seconds
Platform modules already initialized, skipping
Shader 'Universal Render Pipeline/Particles/Lit': fallback shader 'Universal Render Pipeline/Particles/SimpleLit' not found
Refreshing native plugins compatible for Editor in 1.00 ms, found 1 plugins.
Preloading 0 native plugins for Editor in 0.00 ms.
Unloading 3213 Unused Serialized files (Serialized files now loaded: 0)
System memory in use before: 141.4 MB.
System memory in use after: 141.5 MB.

Unloading 16 unused Assets to reduce memory usage. Loaded Objects now: 3819.
Total: 4.957833 ms (FindLiveObjects: 0.958587 ms CreateObjectMapping: 0.510426 ms MarkObjects: 3.269187 ms  DeleteObjects: 0.217581 ms)

========================================================================
Received Prepare
Registering precompiled user dll's ...
Registered in 0.002212 seconds.
Begin MonoManager ReloadAssembly
Native extension for WindowsStandalone target not found
Native extension for WebGL target not found
Refreshing native plugins compatible for Editor in 0.82 ms, found 1 plugins.
Preloading 0 native plugins for Editor in 0.00 ms.
Mono: successfully reloaded assembly
- Completed reload, in  1.274 seconds
Platform modules already initialized, skipping
Shader 'Universal Render Pipeline/Particles/Lit': fallback shader 'Universal Render Pipeline/Particles/SimpleLit' not found
Refreshing native plugins compatible for Editor in 0.83 ms, found 1 plugins.
Preloading 0 native plugins for Editor in 0.00 ms.
Unloading 3213 Unused Serialized files (Serialized files now loaded: 0)
System memory in use before: 141.4 MB.
System memory in use after: 141.5 MB.

Unloading 16 unused Assets to reduce memory usage. Loaded Objects now: 3823.
Total: 3.627374 ms (FindLiveObjects: 0.354424 ms CreateObjectMapping: 0.202186 ms MarkObjects: 2.899710 ms  DeleteObjects: 0.168317 ms)

========================================================================
Received Import Request.
  Time since last request: 877.480309 seconds.
  path: Assets/sochaGO.prefab
  artifactKey: Guid(05ccbef266434aa47a804a2eaef4b9c7) Importer(815301076,1909f56bfc062723c751e8b465ee728b)
Start importing Assets/sochaGO.prefab using Guid(05ccbef266434aa47a804a2eaef4b9c7) Importer(815301076,1909f56bfc062723c751e8b465ee728b)  -> (artifact id: 'a50b31296e23ce752a30f467a96cb2b5') in 0.289825 seconds
  Import took 0.298435 seconds .

========================================================================
Received Prepare
Registering precompiled user dll's ...
Registered in 0.002216 seconds.
Begin MonoManager ReloadAssembly
Native extension for WindowsStandalone target not found
Native extension for WebGL target not found
Refreshing native plugins compatible for Editor in 0.78 ms, found 1 plugins.
Preloading 0 native plugins for Editor in 0.00 ms.
Mono: successfully reloaded assembly
- Completed reload, in  1.376 seconds
Platform modules already initialized, skipping
Shader 'Universal Render Pipeline/Particles/Lit': fallback shader 'Universal Render Pipeline/Particles/SimpleLit' not found
Refreshing native plugins compatible for Editor in 1.00 ms, found 1 plugins.
Preloading 0 native plugins for Editor in 0.00 ms.
Unloading 3213 Unused Serialized files (Serialized files now loaded: 0)
System memory in use before: 143.6 MB.
System memory in use after: 143.7 MB.

Unloading 16 unused Assets to reduce memory usage. Loaded Objects now: 3866.
Total: 4.116589 ms (FindLiveObjects: 0.368109 ms CreateObjectMapping: 0.179607 ms MarkObjects: 3.406030 ms  DeleteObjects: 0.160449 ms)

========================================================================
Received Import Request.
  Time since last request: 86.943315 seconds.
  path: Assets/package.prefab
  artifactKey: Guid(7c15638c987ad234ab3a7e3e13fdc06d) Importer(815301076,1909f56bfc062723c751e8b465ee728b)
Start importing Assets/package.prefab using Guid(7c15638c987ad234ab3a7e3e13fdc06d) Importer(815301076,1909f56bfc062723c751e8b465ee728b)  -> (artifact id: '7dbe12c0adad9794a29fcee51f6e4648') in 0.251671 seconds
  Import took 0.259045 seconds .

========================================================================
Received Import Request.
  Time since last request: 7.743281 seconds.
  path: Assets/package.prefab
  artifactKey: Guid(7c15638c987ad234ab3a7e3e13fdc06d) Importer(815301076,1909f56bfc062723c751e8b465ee728b)
Start importing Assets/package.prefab using Guid(7c15638c987ad234ab3a7e3e13fdc06d) Importer(815301076,1909f56bfc062723c751e8b465ee728b)  -> (artifact id: 'fd959466c3aef42b98554c8bf15ab533') in 0.014983 seconds
  Import took 0.022327 seconds .

========================================================================
Received Import Request.
  Time since last request: 0.021646 seconds.
  path: Assets/package.prefab
  artifactKey: Guid(7c15638c987ad234ab3a7e3e13fdc06d) Importer(815301076,1909f56bfc062723c751e8b465ee728b)
Start importing Assets/package.prefab using Guid(7c15638c987ad234ab3a7e3e13fdc06d) Importer(815301076,1909f56bfc062723c751e8b465ee728b)  -> (artifact id: 'fd959466c3aef42b98554c8bf15ab533') in 0.015286 seconds
  Import took 0.022622 seconds .

========================================================================
Received Import Request.
  Time since last request: 3.195024 seconds.
  path: Assets/package.prefab
  artifactKey: Guid(7c15638c987ad234ab3a7e3e13fdc06d) Importer(815301076,1909f56bfc062723c751e8b465ee728b)
Start importing Assets/package.prefab using Guid(7c15638c987ad234ab3a7e3e13fdc06d) Importer(815301076,1909f56bfc062723c751e8b465ee728b)  -> (artifact id: '83100160b544d1ccb87e33015a6b59b8') in 0.014997 seconds
  Import took 0.022939 seconds .

========================================================================
Received Import Request.
  Time since last request: 0.020940 seconds.
  path: Assets/package.prefab
  artifactKey: Guid(7c15638c987ad234ab3a7e3e13fdc06d) Importer(815301076,1909f56bfc062723c751e8b465ee728b)
Start importing Assets/package.prefab using Guid(7c15638c987ad234ab3a7e3e13fdc06d) Importer(815301076,1909f56bfc062723c751e8b465ee728b)  -> (artifact id: '83100160b544d1ccb87e33015a6b59b8') in 0.013118 seconds
  Import took 0.020398 seconds .

========================================================================
Received Import Request.
  Time since last request: 3.054488 seconds.
  path: Assets/560699__el-boss__puzzle-piece-picked-up-from-table.mp3
  artifactKey: Guid(77183db671742cb4d929b44ecf262f15) Importer(815301076,1909f56bfc062723c751e8b465ee728b)
Start importing Assets/560699__el-boss__puzzle-piece-picked-up-from-table.mp3 using Guid(77183db671742cb4d929b44ecf262f15) Importer(815301076,1909f56bfc062723c751e8b465ee728b)  -> (artifact id: 'f608b54da260f5f5465c9739fd18c3fe') in 0.017191 seconds
  Import took 0.225071 seconds .

========================================================================
Received Import Request.
  Time since last request: 8.179305 seconds.
  path: Assets/package.prefab
  artifactKey: Guid(7c15638c987ad234ab3a7e3e13fdc06d) Importer(815301076,1909f56bfc062723c751e8b465ee728b)
Start importing Assets/package.prefab using Guid(7c15638c987ad234ab3a7e3e13fdc06d) Importer(815301076,1909f56bfc062723c751e8b465ee728b)  -> (artifact id: 'cbfa62fc10e69d4b691691d3210e4827') in 0.014155 seconds
  Import took 0.027685 seconds .

========================================================================
Received Import Request.
  Time since last request: 0.015042 seconds.
  path: Assets/package.prefab
  artifactKey: Guid(7c15638c987ad234ab3a7e3e13fdc06d) Importer(815301076,1909f56bfc062723c751e8b465ee728b)
Start importing Assets/package.prefab using Guid(7c15638c987ad234ab3a7e3e13fdc06d) Importer(815301076,1909f56bfc062723c751e8b465ee728b)  -> (artifact id: 'cbfa62fc10e69d4b691691d3210e4827') in 0.016178 seconds
  Import took 0.023318 seconds .

========================================================================
Received Import Request.
  Time since last request: 5.059738 seconds.
  path: Assets/package.prefab
  artifactKey: Guid(7c15638c987ad234ab3a7e3e13fdc06d) Importer(815301076,1909f56bfc062723c751e8b465ee728b)
Start importing Assets/package.prefab using Guid(7c15638c987ad234ab3a7e3e13fdc06d) Importer(815301076,1909f56bfc062723c751e8b465ee728b)  -> (artifact id: 'fb37f662819d8309eb2719d9cd7c4077') in 0.012151 seconds
  Import took 0.038433 seconds .

========================================================================
Received Import Request.
  Time since last request: 0.012545 seconds.
  path: Assets/package.prefab
  artifactKey: Guid(7c15638c987ad234ab3a7e3e13fdc06d) Importer(815301076,1909f56bfc062723c751e8b465ee728b)
Start importing Assets/package.prefab using Guid(7c15638c987ad234ab3a7e3e13fdc06d) Importer(815301076,1909f56bfc062723c751e8b465ee728b)  -> (artifact id: 'fb37f662819d8309eb2719d9cd7c4077') in 0.013984 seconds
  Import took 0.021184 seconds .

========================================================================
Received Import Request.
  Time since last request: 4.673332 seconds.
  path: Assets/package.prefab
  artifactKey: Guid(7c15638c987ad234ab3a7e3e13fdc06d) Importer(815301076,1909f56bfc062723c751e8b465ee728b)
Start importing Assets/package.prefab using Guid(7c15638c987ad234ab3a7e3e13fdc06d) Importer(815301076,1909f56bfc062723c751e8b465ee728b)  -> (artifact id: 'fde1d4b4c3e9ea8a0dab929d4f37debc') in 0.014625 seconds
  Import took 0.021707 seconds .

========================================================================
Received Import Request.
  Time since last request: 0.022155 seconds.
  path: Assets/package.prefab
  artifactKey: Guid(7c15638c987ad234ab3a7e3e13fdc06d) Importer(815301076,1909f56bfc062723c751e8b465ee728b)
Start importing Assets/package.prefab using Guid(7c15638c987ad234ab3a7e3e13fdc06d) Importer(815301076,1909f56bfc062723c751e8b465ee728b)  -> (artifact id: 'fde1d4b4c3e9ea8a0dab929d4f37debc') in 0.012686 seconds
  Import took 0.020201 seconds .

========================================================================
Received Prepare
Registering precompiled user dll's ...
Registered in 0.002366 seconds.
Begin MonoManager ReloadAssembly
Native extension for WindowsStandalone target not found
Native extension for WebGL target not found
Refreshing native plugins compatible for Editor in 0.90 ms, found 1 plugins.
Preloading 0 native plugins for Editor in 0.00 ms.
Mono: successfully reloaded assembly
- Completed reload, in  1.346 seconds
Platform modules already initialized, skipping
Shader 'Universal Render Pipeline/Particles/Lit': fallback shader 'Universal Render Pipeline/Particles/SimpleLit' not found
Refreshing native plugins compatible for Editor in 1.07 ms, found 1 plugins.
Preloading 0 native plugins for Editor in 0.00 ms.
Unloading 3213 Unused Serialized files (Serialized files now loaded: 0)
System memory in use before: 143.7 MB.
System memory in use after: 143.8 MB.

Unloading 16 unused Assets to reduce memory usage. Loaded Objects now: 3906.
Total: 6.102528 ms (FindLiveObjects: 0.497425 ms CreateObjectMapping: 0.369135 ms MarkObjects: 5.054650 ms  DeleteObjects: 0.178923 ms)

========================================================================
Received Prepare
Registering precompiled user dll's ...
Registered in 0.002271 seconds.
Begin MonoManager ReloadAssembly
Native extension for WindowsStandalone target not found
Native extension for WebGL target not found
Refreshing native plugins compatible for Editor in 0.81 ms, found 1 plugins.
Preloading 0 native plugins for Editor in 0.00 ms.
Mono: successfully reloaded assembly
- Completed reload, in  1.335 seconds
Platform modules already initialized, skipping
Shader 'Universal Render Pipeline/Particles/Lit': fallback shader 'Universal Render Pipeline/Particles/SimpleLit' not found
Refreshing native plugins compatible for Editor in 0.84 ms, found 1 plugins.
Preloading 0 native plugins for Editor in 0.00 ms.
Unloading 3213 Unused Serialized files (Serialized files now loaded: 0)
System memory in use before: 143.7 MB.
System memory in use after: 143.8 MB.

Unloading 16 unused Assets to reduce memory usage. Loaded Objects now: 3910.
Total: 4.618804 ms (FindLiveObjects: 0.431741 ms CreateObjectMapping: 0.176870 ms MarkObjects: 3.838797 ms  DeleteObjects: 0.169344 ms)

========================================================================
Received Prepare
Registering precompiled user dll's ...
Registered in 0.002209 seconds.
Begin MonoManager ReloadAssembly
Native extension for WindowsStandalone target not found
Native extension for WebGL target not found
Refreshing native plugins compatible for Editor in 1.10 ms, found 1 plugins.
Preloading 0 native plugins for Editor in 0.00 ms.
Mono: successfully reloaded assembly
- Completed reload, in  1.348 seconds
Platform modules already initialized, skipping
Shader 'Universal Render Pipeline/Particles/Lit': fallback shader 'Universal Render Pipeline/Particles/SimpleLit' not found
Refreshing native plugins compatible for Editor in 0.82 ms, found 1 plugins.
Preloading 0 native plugins for Editor in 0.00 ms.
Unloading 3213 Unused Serialized files (Serialized files now loaded: 0)
System memory in use before: 143.7 MB.
System memory in use after: 143.8 MB.

Unloading 16 unused Assets to reduce memory usage. Loaded Objects now: 3914.
Total: 3.859666 ms (FindLiveObjects: 0.405056 ms CreateObjectMapping: 0.191923 ms MarkObjects: 3.093001 ms  DeleteObjects: 0.167633 ms)

========================================================================
Received Prepare
Registering precompiled user dll's ...
Registered in 0.002215 seconds.
Begin MonoManager ReloadAssembly
Native extension for WindowsStandalone target not found
Native extension for WebGL target not found
Refreshing native plugins compatible for Editor in 0.80 ms, found 1 plugins.
Preloading 0 native plugins for Editor in 0.00 ms.
Mono: successfully reloaded assembly
- Completed reload, in  1.324 seconds
Platform modules already initialized, skipping
Shader 'Universal Render Pipeline/Particles/Lit': fallback shader 'Universal Render Pipeline/Particles/SimpleLit' not found
Refreshing native plugins compatible for Editor in 0.92 ms, found 1 plugins.
Preloading 0 native plugins for Editor in 0.00 ms.
Unloading 3213 Unused Serialized files (Serialized files now loaded: 0)
System memory in use before: 143.7 MB.
System memory in use after: 143.8 MB.

Unloading 16 unused Assets to reduce memory usage. Loaded Objects now: 3918.
Total: 4.138826 ms (FindLiveObjects: 0.417714 ms CreateObjectMapping: 0.196370 ms MarkObjects: 3.352319 ms  DeleteObjects: 0.170370 ms)

========================================================================
Received Import Request.
  Time since last request: 1200.110345 seconds.
  path: Assets/Scenes/jmpscr.unity
  artifactKey: Guid(361d0ce0f229c9a4abc40000e585b048) Importer(815301076,1909f56bfc062723c751e8b465ee728b)
Start importing Assets/Scenes/jmpscr.unity using Guid(361d0ce0f229c9a4abc40000e585b048) Importer(815301076,1909f56bfc062723c751e8b465ee728b)  -> (artifact id: '7112a9bfc11cb88ce94815bf3220ff36') in 0.022915 seconds
  Import took 0.038820 seconds .

========================================================================
Received Import Request.
  Time since last request: 49.989371 seconds.
  path: Assets/jmpscr
  artifactKey: Guid(ffd216e1eaab1c34eb04c3578bf0a968) Importer(815301076,1909f56bfc062723c751e8b465ee728b)
Start importing Assets/jmpscr using Guid(ffd216e1eaab1c34eb04c3578bf0a968) Importer(815301076,1909f56bfc062723c751e8b465ee728b)  -> (artifact id: 'f11aa49f1a92183252a1b100572e3836') in 0.002893 seconds
  Import took 0.019305 seconds .

========================================================================
Received Import Request.
  Time since last request: 11.948375 seconds.
  path: Assets/jmpscr/jumpscare1.png
  artifactKey: Guid(3610b14f0f82d4a4e8283963fa0ec96c) Importer(815301076,1909f56bfc062723c751e8b465ee728b)
Start importing Assets/jmpscr/jumpscare1.png using Guid(3610b14f0f82d4a4e8283963fa0ec96c) Importer(815301076,1909f56bfc062723c751e8b465ee728b)  -> (artifact id: '2324f54992d557e4a6b4b8733891d9c6') in 0.100347 seconds
  Import took 0.119904 seconds .

========================================================================
Received Import Request.
  Time since last request: 0.000359 seconds.
  path: Assets/jmpscr/jumpscare2.png
  artifactKey: Guid(f73ae27888543fc4bae5fe52a6a9c001) Importer(815301076,1909f56bfc062723c751e8b465ee728b)
Start importing Assets/jmpscr/jumpscare2.png using Guid(f73ae27888543fc4bae5fe52a6a9c001) Importer(815301076,1909f56bfc062723c751e8b465ee728b)  -> (artifact id: 'e1befa8438ebf9a8ad632fbf8812cdf4') in 0.033175 seconds
  Import took 0.091892 seconds .

========================================================================
Received Import Request.
  Time since last request: 0.000297 seconds.
  path: Assets/jmpscr/jumpscare3.png
  artifactKey: Guid(a7f818e6f5f47124bbbae66dc148ffb9) Importer(815301076,1909f56bfc062723c751e8b465ee728b)
Start importing Assets/jmpscr/jumpscare3.png using Guid(a7f818e6f5f47124bbbae66dc148ffb9) Importer(815301076,1909f56bfc062723c751e8b465ee728b)  -> (artifact id: 'be34ab6db0e9eb68f94e429c40a07ad0') in 0.011577 seconds
  Import took 0.039457 seconds .

========================================================================
Received Prepare
Registering precompiled user dll's ...
Registered in 0.002500 seconds.
Begin MonoManager ReloadAssembly
Native extension for WindowsStandalone target not found
Native extension for WebGL target not found
Refreshing native plugins compatible for Editor in 0.79 ms, found 1 plugins.
Preloading 0 native plugins for Editor in 0.00 ms.
Mono: successfully reloaded assembly
- Completed reload, in  1.337 seconds
Platform modules already initialized, skipping
Shader 'Universal Render Pipeline/Particles/Lit': fallback shader 'Universal Render Pipeline/Particles/SimpleLit' not found
Refreshing native plugins compatible for Editor in 0.79 ms, found 1 plugins.
Preloading 0 native plugins for Editor in 0.00 ms.
Unloading 3213 Unused Serialized files (Serialized files now loaded: 0)
System memory in use before: 143.8 MB.
System memory in use after: 143.9 MB.

Unloading 16 unused Assets to reduce memory usage. Loaded Objects now: 3926.
Total: 4.000957 ms (FindLiveObjects: 0.382135 ms CreateObjectMapping: 0.212791 ms MarkObjects: 3.237029 ms  DeleteObjects: 0.167291 ms)

========================================================================
Received Prepare
Registering precompiled user dll's ...
Registered in 0.002371 seconds.
Begin MonoManager ReloadAssembly
Native extension for WindowsStandalone target not found
Native extension for WebGL target not found
Refreshing native plugins compatible for Editor in 0.82 ms, found 1 plugins.
Preloading 0 native plugins for Editor in 0.00 ms.
Mono: successfully reloaded assembly
- Completed reload, in  1.345 seconds
Platform modules already initialized, skipping
Shader 'Universal Render Pipeline/Particles/Lit': fallback shader 'Universal Render Pipeline/Particles/SimpleLit' not found
Refreshing native plugins compatible for Editor in 0.82 ms, found 1 plugins.
Preloading 0 native plugins for Editor in 0.00 ms.
Unloading 3213 Unused Serialized files (Serialized files now loaded: 0)
System memory in use before: 143.8 MB.
System memory in use after: 143.9 MB.

Unloading 16 unused Assets to reduce memory usage. Loaded Objects now: 3930.
Total: 4.096747 ms (FindLiveObjects: 0.493320 ms CreateObjectMapping: 0.199791 ms MarkObjects: 3.234634 ms  DeleteObjects: 0.167633 ms)

========================================================================
Received Import Request.
  Time since last request: 270.291907 seconds.
  path: Assets/Scenes/SampleScene.unity
  artifactKey: Guid(2cda990e2423bbf4892e6590ba056729) Importer(815301076,1909f56bfc062723c751e8b465ee728b)
Start importing Assets/Scenes/SampleScene.unity using Guid(2cda990e2423bbf4892e6590ba056729) Importer(815301076,1909f56bfc062723c751e8b465ee728b)  -> (artifact id: '7f2fa1d603cf47aa7a27b8d19bfda232') in 0.034830 seconds
  Import took 0.065766 seconds .

========================================================================
Received Prepare
Registering precompiled user dll's ...
Registered in 0.002222 seconds.
Begin MonoManager ReloadAssembly
Native extension for WindowsStandalone target not found
Native extension for WebGL target not found
Refreshing native plugins compatible for Editor in 0.82 ms, found 1 plugins.
Preloading 0 native plugins for Editor in 0.00 ms.
Mono: successfully reloaded assembly
- Completed reload, in  1.308 seconds
Platform modules already initialized, skipping
Shader 'Universal Render Pipeline/Particles/Lit': fallback shader 'Universal Render Pipeline/Particles/SimpleLit' not found
Refreshing native plugins compatible for Editor in 0.95 ms, found 1 plugins.
Preloading 0 native plugins for Editor in 0.00 ms.
Unloading 3213 Unused Serialized files (Serialized files now loaded: 0)
System memory in use before: 143.8 MB.
System memory in use after: 143.9 MB.

Unloading 16 unused Assets to reduce memory usage. Loaded Objects now: 3934.
Total: 3.804586 ms (FindLiveObjects: 0.370503 ms CreateObjectMapping: 0.173107 ms MarkObjects: 3.083422 ms  DeleteObjects: 0.175502 ms)

========================================================================
Received Prepare
Registering precompiled user dll's ...
Registered in 0.002403 seconds.
Begin MonoManager ReloadAssembly
Native extension for WindowsStandalone target not found
Native extension for WebGL target not found
Refreshing native plugins compatible for Editor in 0.88 ms, found 1 plugins.
Preloading 0 native plugins for Editor in 0.00 ms.
Mono: successfully reloaded assembly
- Completed reload, in  1.300 seconds
Platform modules already initialized, skipping
Shader 'Universal Render Pipeline/Particles/Lit': fallback shader 'Universal Render Pipeline/Particles/SimpleLit' not found
Refreshing native plugins compatible for Editor in 0.86 ms, found 1 plugins.
Preloading 0 native plugins for Editor in 0.00 ms.
Unloading 3213 Unused Serialized files (Serialized files now loaded: 0)
System memory in use before: 143.8 MB.
System memory in use after: 143.9 MB.

Unloading 16 unused Assets to reduce memory usage. Loaded Objects now: 3938.
Total: 7.970097 ms (FindLiveObjects: 0.503926 ms CreateObjectMapping: 0.365030 ms MarkObjects: 6.847982 ms  DeleteObjects: 0.250765 ms)

========================================================================
Received Prepare
Registering precompiled user dll's ...
Registered in 0.002341 seconds.
Begin MonoManager ReloadAssembly
Native extension for WindowsStandalone target not found
Native extension for WebGL target not found
Refreshing native plugins compatible for Editor in 0.80 ms, found 1 plugins.
Preloading 0 native plugins for Editor in 0.00 ms.
Mono: successfully reloaded assembly
- Completed reload, in  1.336 seconds
Platform modules already initialized, skipping
Shader 'Universal Render Pipeline/Particles/Lit': fallback shader 'Universal Render Pipeline/Particles/SimpleLit' not found
Refreshing native plugins compatible for Editor in 1.04 ms, found 1 plugins.
Preloading 0 native plugins for Editor in 0.00 ms.
Unloading 3213 Unused Serialized files (Serialized files now loaded: 0)
System memory in use before: 143.8 MB.
System memory in use after: 143.9 MB.

Unloading 16 unused Assets to reduce memory usage. Loaded Objects now: 3942.
Total: 4.348881 ms (FindLiveObjects: 0.366398 ms CreateObjectMapping: 0.190212 ms MarkObjects: 3.622243 ms  DeleteObjects: 0.167633 ms)

========================================================================
Received Import Request.
  Time since last request: 64.148514 seconds.
  path: Assets/Scenes/SampleScene.unity
  artifactKey: Guid(2cda990e2423bbf4892e6590ba056729) Importer(815301076,1909f56bfc062723c751e8b465ee728b)
Start importing Assets/Scenes/SampleScene.unity using Guid(2cda990e2423bbf4892e6590ba056729) Importer(815301076,1909f56bfc062723c751e8b465ee728b)  -> (artifact id: '1ac8753a4c6489f34339ff44691a5a28') in 0.017455 seconds
  Import took 0.024563 seconds .

========================================================================
Received Import Request.
  Time since last request: 0.000238 seconds.
  path: Assets/Scenes/jmpscr.unity
  artifactKey: Guid(361d0ce0f229c9a4abc40000e585b048) Importer(815301076,1909f56bfc062723c751e8b465ee728b)
Start importing Assets/Scenes/jmpscr.unity using Guid(361d0ce0f229c9a4abc40000e585b048) Importer(815301076,1909f56bfc062723c751e8b465ee728b)  -> (artifact id: 'e880913cd9907d8910b13bac73b5f1c3') in 0.002730 seconds
  Import took 0.035702 seconds .

========================================================================
Received Prepare
Registering precompiled user dll's ...
Registered in 0.002416 seconds.
Begin MonoManager ReloadAssembly
Native extension for WindowsStandalone target not found
Native extension for WebGL target not found
Refreshing native plugins compatible for Editor in 0.79 ms, found 1 plugins.
Preloading 0 native plugins for Editor in 0.00 ms.
Mono: successfully reloaded assembly
- Completed reload, in  1.353 seconds
Platform modules already initialized, skipping
Shader 'Universal Render Pipeline/Particles/Lit': fallback shader 'Universal Render Pipeline/Particles/SimpleLit' not found
Refreshing native plugins compatible for Editor in 0.98 ms, found 1 plugins.
Preloading 0 native plugins for Editor in 0.00 ms.
Unloading 3214 Unused Serialized files (Serialized files now loaded: 0)
System memory in use before: 143.9 MB.
System memory in use after: 144.0 MB.

Unloading 16 unused Assets to reduce memory usage. Loaded Objects now: 3947.
Total: 4.538067 ms (FindLiveObjects: 0.534715 ms CreateObjectMapping: 0.328424 ms MarkObjects: 3.491557 ms  DeleteObjects: 0.181317 ms)

========================================================================
Received Import Request.
  Time since last request: 240.978603 seconds.
  path: Assets/Scenes/jmpscr.unity
  artifactKey: Guid(361d0ce0f229c9a4abc40000e585b048) Importer(815301076,1909f56bfc062723c751e8b465ee728b)
Start importing Assets/Scenes/jmpscr.unity using Guid(361d0ce0f229c9a4abc40000e585b048) Importer(815301076,1909f56bfc062723c751e8b465ee728b)  -> (artifact id: 'e02561ebb806b888293711fbc3c1fc21') in 0.024440 seconds
  Import took 0.047929 seconds .

========================================================================
Received Prepare
Registering precompiled user dll's ...
Registered in 0.002234 seconds.
Begin MonoManager ReloadAssembly
Native extension for WindowsStandalone target not found
Native extension for WebGL target not found
Refreshing native plugins compatible for Editor in 0.81 ms, found 1 plugins.
Preloading 0 native plugins for Editor in 0.00 ms.
Mono: successfully reloaded assembly
- Completed reload, in  1.316 seconds
Platform modules already initialized, skipping
Shader 'Universal Render Pipeline/Particles/Lit': fallback shader 'Universal Render Pipeline/Particles/SimpleLit' not found
Refreshing native plugins compatible for Editor in 0.84 ms, found 1 plugins.
Preloading 0 native plugins for Editor in 0.00 ms.
Unloading 3214 Unused Serialized files (Serialized files now loaded: 0)
System memory in use before: 143.9 MB.
System memory in use after: 144.0 MB.

Unloading 16 unused Assets to reduce memory usage. Loaded Objects now: 3951.
Total: 3.998904 ms (FindLiveObjects: 0.398214 ms CreateObjectMapping: 0.175159 ms MarkObjects: 3.240108 ms  DeleteObjects: 0.183370 ms)

========================================================================
Received Import Request.
  Time since last request: 100.362203 seconds.
  path: Assets/Scenes/mainMenu.unity
  artifactKey: Guid(78fd95b16c04a5f4dafb29749b590fed) Importer(815301076,1909f56bfc062723c751e8b465ee728b)
Start importing Assets/Scenes/mainMenu.unity using Guid(78fd95b16c04a5f4dafb29749b590fed) Importer(815301076,1909f56bfc062723c751e8b465ee728b)  -> (artifact id: 'a84b43f34c35eaa841fd42c977b65757') in 0.039346 seconds
  Import took 0.047399 seconds .

========================================================================
Received Prepare
Registering precompiled user dll's ...
Registered in 0.002710 seconds.
Begin MonoManager ReloadAssembly
Native extension for WindowsStandalone target not found
Native extension for WebGL target not found
Refreshing native plugins compatible for Editor in 0.87 ms, found 1 plugins.
Preloading 0 native plugins for Editor in 0.00 ms.
Mono: successfully reloaded assembly
- Completed reload, in  1.307 seconds
Platform modules already initialized, skipping
Shader 'Universal Render Pipeline/Particles/Lit': fallback shader 'Universal Render Pipeline/Particles/SimpleLit' not found
Refreshing native plugins compatible for Editor in 0.81 ms, found 1 plugins.
Preloading 0 native plugins for Editor in 0.00 ms.
Unloading 3214 Unused Serialized files (Serialized files now loaded: 0)
System memory in use before: 143.9 MB.
System memory in use after: 144.0 MB.

Unloading 16 unused Assets to reduce memory usage. Loaded Objects now: 3955.
Total: 7.463093 ms (FindLiveObjects: 0.557637 ms CreateObjectMapping: 0.283608 ms MarkObjects: 6.433004 ms  DeleteObjects: 0.186791 ms)

========================================================================
Received Prepare
Registering precompiled user dll's ...
Registered in 0.002375 seconds.
Begin MonoManager ReloadAssembly
Native extension for WindowsStandalone target not found
Native extension for WebGL target not found
Refreshing native plugins compatible for Editor in 0.81 ms, found 1 plugins.
Preloading 0 native plugins for Editor in 0.00 ms.
Mono: successfully reloaded assembly
- Completed reload, in  1.332 seconds
Platform modules already initialized, skipping
Shader 'Universal Render Pipeline/Particles/Lit': fallback shader 'Universal Render Pipeline/Particles/SimpleLit' not found
Refreshing native plugins compatible for Editor in 0.84 ms, found 1 plugins.
Preloading 0 native plugins for Editor in 0.00 ms.
Unloading 3215 Unused Serialized files (Serialized files now loaded: 0)
System memory in use before: 143.9 MB.
System memory in use after: 144.0 MB.

Unloading 16 unused Assets to reduce memory usage. Loaded Objects now: 3960.
Total: 6.064554 ms (FindLiveObjects: 0.517952 ms CreateObjectMapping: 0.368109 ms MarkObjects: 4.987255 ms  DeleteObjects: 0.188502 ms)

========================================================================
Received Prepare
Registering precompiled user dll's ...
Registered in 0.002220 seconds.
Begin MonoManager ReloadAssembly
Native extension for WindowsStandalone target not found
Native extension for WebGL target not found
Refreshing native plugins compatible for Editor in 0.79 ms, found 1 plugins.
Preloading 0 native plugins for Editor in 0.00 ms.
Mono: successfully reloaded assembly
- Completed reload, in  1.340 seconds
Platform modules already initialized, skipping
Shader 'Universal Render Pipeline/Particles/Lit': fallback shader 'Universal Render Pipeline/Particles/SimpleLit' not found
Refreshing native plugins compatible for Editor in 0.82 ms, found 1 plugins.
Preloading 0 native plugins for Editor in 0.00 ms.
Unloading 3215 Unused Serialized files (Serialized files now loaded: 0)
System memory in use before: 143.9 MB.
System memory in use after: 144.0 MB.

Unloading 16 unused Assets to reduce memory usage. Loaded Objects now: 3964.
Total: 4.034141 ms (FindLiveObjects: 0.366740 ms CreateObjectMapping: 0.171738 ms MarkObjects: 3.321872 ms  DeleteObjects: 0.171738 ms)

========================================================================
Received Prepare
Registering precompiled user dll's ...
Registered in 0.002227 seconds.
Begin MonoManager ReloadAssembly
Native extension for WindowsStandalone target not found
Native extension for WebGL target not found
Refreshing native plugins compatible for Editor in 0.81 ms, found 1 plugins.
Preloading 0 native plugins for Editor in 0.00 ms.
Mono: successfully reloaded assembly
- Completed reload, in  1.340 seconds
Platform modules already initialized, skipping
Shader 'Universal Render Pipeline/Particles/Lit': fallback shader 'Universal Render Pipeline/Particles/SimpleLit' not found
Refreshing native plugins compatible for Editor in 0.82 ms, found 1 plugins.
Preloading 0 native plugins for Editor in 0.00 ms.
Unloading 3215 Unused Serialized files (Serialized files now loaded: 0)
System memory in use before: 144.0 MB.
System memory in use after: 144.1 MB.

Unloading 16 unused Assets to reduce memory usage. Loaded Objects now: 3968.
Total: 3.995483 ms (FindLiveObjects: 0.376319 ms CreateObjectMapping: 0.206976 ms MarkObjects: 3.237029 ms  DeleteObjects: 0.172765 ms)

========================================================================
Received Prepare
Registering precompiled user dll's ...
Registered in 0.002235 seconds.
Begin MonoManager ReloadAssembly
Native extension for WindowsStandalone target not found
Native extension for WebGL target not found
Refreshing native plugins compatible for Editor in 0.83 ms, found 1 plugins.
Preloading 0 native plugins for Editor in 0.00 ms.
Mono: successfully reloaded assembly
- Completed reload, in  1.344 seconds
Platform modules already initialized, skipping
Shader 'Universal Render Pipeline/Particles/Lit': fallback shader 'Universal Render Pipeline/Particles/SimpleLit' not found
Refreshing native plugins compatible for Editor in 0.80 ms, found 1 plugins.
Preloading 0 native plugins for Editor in 0.00 ms.
Unloading 3215 Unused Serialized files (Serialized files now loaded: 0)
System memory in use before: 144.0 MB.
System memory in use after: 144.1 MB.

Unloading 16 unused Assets to reduce memory usage. Loaded Objects now: 3972.
Total: 3.872666 ms (FindLiveObjects: 0.386924 ms CreateObjectMapping: 0.187133 ms MarkObjects: 3.130975 ms  DeleteObjects: 0.165923 ms)

========================================================================
Received Prepare
Registering precompiled user dll's ...
Registered in 0.002444 seconds.
Begin MonoManager ReloadAssembly
Native extension for WindowsStandalone target not found
Native extension for WebGL target not found
Refreshing native plugins compatible for Editor in 0.80 ms, found 1 plugins.
Preloading 0 native plugins for Editor in 0.00 ms.
Mono: successfully reloaded assembly
- Completed reload, in  1.321 seconds
Platform modules already initialized, skipping
Shader 'Universal Render Pipeline/Particles/Lit': fallback shader 'Universal Render Pipeline/Particles/SimpleLit' not found
Refreshing native plugins compatible for Editor in 0.82 ms, found 1 plugins.
Preloading 0 native plugins for Editor in 0.00 ms.
Unloading 3215 Unused Serialized files (Serialized files now loaded: 0)
System memory in use before: 144.0 MB.
System memory in use after: 144.1 MB.

Unloading 16 unused Assets to reduce memory usage. Loaded Objects now: 3976.
Total: 4.324249 ms (FindLiveObjects: 0.579874 ms CreateObjectMapping: 0.264108 ms MarkObjects: 3.310582 ms  DeleteObjects: 0.167975 ms)

========================================================================
Received Prepare
Registering precompiled user dll's ...
Registered in 0.002140 seconds.
Begin MonoManager ReloadAssembly
Native extension for WindowsStandalone target not found
Native extension for WebGL target not found
Refreshing native plugins compatible for Editor in 0.82 ms, found 1 plugins.
Preloading 0 native plugins for Editor in 0.00 ms.
Mono: successfully reloaded assembly
- Completed reload, in  1.295 seconds
Platform modules already initialized, skipping
Shader 'Universal Render Pipeline/Particles/Lit': fallback shader 'Universal Render Pipeline/Particles/SimpleLit' not found
Refreshing native plugins compatible for Editor in 1.01 ms, found 1 plugins.
Preloading 0 native plugins for Editor in 0.00 ms.
Unloading 3215 Unused Serialized files (Serialized files now loaded: 0)
System memory in use before: 144.0 MB.
System memory in use after: 144.1 MB.

Unloading 16 unused Assets to reduce memory usage. Loaded Objects now: 3980.
Total: 3.840166 ms (FindLiveObjects: 0.380082 ms CreateObjectMapping: 0.194318 ms MarkObjects: 3.096764 ms  DeleteObjects: 0.167291 ms)

========================================================================
Received Import Request.
  Time since last request: 551.311756 seconds.
  path: Assets/Scenes/jmpscr.unity
  artifactKey: Guid(361d0ce0f229c9a4abc40000e585b048) Importer(815301076,1909f56bfc062723c751e8b465ee728b)
Start importing Assets/Scenes/jmpscr.unity using Guid(361d0ce0f229c9a4abc40000e585b048) Importer(815301076,1909f56bfc062723c751e8b465ee728b)  -> (artifact id: '729d8c4cbed4aceddc1b6fbe19e13993') in 0.028178 seconds
  Import took 0.042419 seconds .

========================================================================
Received Prepare
Registering precompiled user dll's ...
Registered in 0.002626 seconds.
Begin MonoManager ReloadAssembly
Native extension for WindowsStandalone target not found
Native extension for WebGL target not found
Refreshing native plugins compatible for Editor in 0.83 ms, found 1 plugins.
Preloading 0 native plugins for Editor in 0.00 ms.
Mono: successfully reloaded assembly
- Completed reload, in  1.456 seconds
Platform modules already initialized, skipping
Shader 'Universal Render Pipeline/Particles/Lit': fallback shader 'Universal Render Pipeline/Particles/SimpleLit' not found
Refreshing native plugins compatible for Editor in 0.91 ms, found 1 plugins.
Preloading 0 native plugins for Editor in 0.00 ms.
Unloading 3215 Unused Serialized files (Serialized files now loaded: 0)
System memory in use before: 144.0 MB.
System memory in use after: 144.1 MB.

Unloading 16 unused Assets to reduce memory usage. Loaded Objects now: 3984.
Total: 6.803850 ms (FindLiveObjects: 0.385214 ms CreateObjectMapping: 0.189870 ms MarkObjects: 6.063185 ms  DeleteObjects: 0.163186 ms)

========================================================================
Received Prepare
Registering precompiled user dll's ...
Registered in 0.002404 seconds.
Begin MonoManager ReloadAssembly
Native extension for WindowsStandalone target not found
Native extension for WebGL target not found
Refreshing native plugins compatible for Editor in 0.82 ms, found 1 plugins.
Preloading 0 native plugins for Editor in 0.00 ms.
Mono: successfully reloaded assembly
- Completed reload, in  1.312 seconds
Platform modules already initialized, skipping
Shader 'Universal Render Pipeline/Particles/Lit': fallback shader 'Universal Render Pipeline/Particles/SimpleLit' not found
Refreshing native plugins compatible for Editor in 0.82 ms, found 1 plugins.
Preloading 0 native plugins for Editor in 0.00 ms.
Unloading 3215 Unused Serialized files (Serialized files now loaded: 0)
System memory in use before: 144.0 MB.
System memory in use after: 144.1 MB.

Unloading 16 unused Assets to reduce memory usage. Loaded Objects now: 3988.
Total: 4.332802 ms (FindLiveObjects: 0.438925 ms CreateObjectMapping: 0.203212 ms MarkObjects: 3.366346 ms  DeleteObjects: 0.321924 ms)

========================================================================
Received Prepare
Registering precompiled user dll's ...
Registered in 0.002420 seconds.
Begin MonoManager ReloadAssembly
Native extension for WindowsStandalone target not found
Native extension for WebGL target not found
Refreshing native plugins compatible for Editor in 0.81 ms, found 1 plugins.
Preloading 0 native plugins for Editor in 0.00 ms.
Mono: successfully reloaded assembly
- Completed reload, in  1.315 seconds
Platform modules already initialized, skipping
Shader 'Universal Render Pipeline/Particles/Lit': fallback shader 'Universal Render Pipeline/Particles/SimpleLit' not found
Refreshing native plugins compatible for Editor in 0.85 ms, found 1 plugins.
Preloading 0 native plugins for Editor in 0.00 ms.
Unloading 3215 Unused Serialized files (Serialized files now loaded: 0)
System memory in use before: 144.0 MB.
System memory in use after: 144.1 MB.

Unloading 16 unused Assets to reduce memory usage. Loaded Objects now: 3992.
Total: 4.535672 ms (FindLiveObjects: 0.392056 ms CreateObjectMapping: 0.188160 ms MarkObjects: 3.780297 ms  DeleteObjects: 0.172423 ms)

========================================================================
Received Prepare
Registering precompiled user dll's ...
Registered in 0.002854 seconds.
Begin MonoManager ReloadAssembly
Native extension for WindowsStandalone target not found
Native extension for WebGL target not found
Refreshing native plugins compatible for Editor in 0.79 ms, found 1 plugins.
Preloading 0 native plugins for Editor in 0.00 ms.
Mono: successfully reloaded assembly
- Completed reload, in  1.318 seconds
Platform modules already initialized, skipping
Shader 'Universal Render Pipeline/Particles/Lit': fallback shader 'Universal Render Pipeline/Particles/SimpleLit' not found
Refreshing native plugins compatible for Editor in 0.83 ms, found 1 plugins.
Preloading 0 native plugins for Editor in 0.00 ms.
Unloading 3215 Unused Serialized files (Serialized files now loaded: 0)
System memory in use before: 144.0 MB.
System memory in use after: 144.1 MB.

Unloading 16 unused Assets to reduce memory usage. Loaded Objects now: 3996.
Total: 4.877438 ms (FindLiveObjects: 0.386240 ms CreateObjectMapping: 0.182002 ms MarkObjects: 4.137116 ms  DeleteObjects: 0.169686 ms)

========================================================================
Received Prepare
Registering precompiled user dll's ...
Registered in 0.002263 seconds.
Begin MonoManager ReloadAssembly
Native extension for WindowsStandalone target not found
Native extension for WebGL target not found
Refreshing native plugins compatible for Editor in 0.84 ms, found 1 plugins.
Preloading 0 native plugins for Editor in 0.00 ms.
Mono: successfully reloaded assembly
- Completed reload, in  1.321 seconds
Platform modules already initialized, skipping
Shader 'Universal Render Pipeline/Particles/Lit': fallback shader 'Universal Render Pipeline/Particles/SimpleLit' not found
Refreshing native plugins compatible for Editor in 0.80 ms, found 1 plugins.
Preloading 0 native plugins for Editor in 0.00 ms.
Unloading 3215 Unused Serialized files (Serialized files now loaded: 0)
System memory in use before: 144.0 MB.
System memory in use after: 144.1 MB.

Unloading 16 unused Assets to reduce memory usage. Loaded Objects now: 4000.
Total: 5.295152 ms (FindLiveObjects: 0.370161 ms CreateObjectMapping: 0.171396 ms MarkObjects: 4.568856 ms  DeleteObjects: 0.182686 ms)

========================================================================
Received Prepare
Registering precompiled user dll's ...
Registered in 0.002413 seconds.
Begin MonoManager ReloadAssembly
Native extension for WindowsStandalone target not found
Native extension for WebGL target not found
Refreshing native plugins compatible for Editor in 0.79 ms, found 1 plugins.
Preloading 0 native plugins for Editor in 0.00 ms.
Mono: successfully reloaded assembly
- Completed reload, in  1.318 seconds
Platform modules already initialized, skipping
Shader 'Universal Render Pipeline/Particles/Lit': fallback shader 'Universal Render Pipeline/Particles/SimpleLit' not found
Refreshing native plugins compatible for Editor in 0.83 ms, found 1 plugins.
Preloading 0 native plugins for Editor in 0.00 ms.
Unloading 3215 Unused Serialized files (Serialized files now loaded: 0)
System memory in use before: 144.0 MB.
System memory in use after: 144.1 MB.

Unloading 16 unused Assets to reduce memory usage. Loaded Objects now: 4004.
Total: 7.405960 ms (FindLiveObjects: 0.384872 ms CreateObjectMapping: 2.258599 ms MarkObjects: 4.593146 ms  DeleteObjects: 0.166607 ms)

========================================================================
Received Prepare
Registering precompiled user dll's ...
Registered in 0.002580 seconds.
Begin MonoManager ReloadAssembly
Native extension for WindowsStandalone target not found
Native extension for WebGL target not found
Refreshing native plugins compatible for Editor in 0.79 ms, found 1 plugins.
Preloading 0 native plugins for Editor in 0.00 ms.
Mono: successfully reloaded assembly
- Completed reload, in  1.305 seconds
Platform modules already initialized, skipping
Shader 'Universal Render Pipeline/Particles/Lit': fallback shader 'Universal Render Pipeline/Particles/SimpleLit' not found
Refreshing native plugins compatible for Editor in 0.80 ms, found 1 plugins.
Preloading 0 native plugins for Editor in 0.00 ms.
Unloading 3215 Unused Serialized files (Serialized files now loaded: 0)
System memory in use before: 144.0 MB.
System memory in use after: 144.1 MB.

Unloading 16 unused Assets to reduce memory usage. Loaded Objects now: 4008.
Total: 4.484013 ms (FindLiveObjects: 0.381109 ms CreateObjectMapping: 0.205949 ms MarkObjects: 3.723507 ms  DeleteObjects: 0.170712 ms)

========================================================================
Received Prepare
Registering precompiled user dll's ...
Registered in 0.002320 seconds.
Begin MonoManager ReloadAssembly
Native extension for WindowsStandalone target not found
Native extension for WebGL target not found
Refreshing native plugins compatible for Editor in 1.13 ms, found 1 plugins.
Preloading 0 native plugins for Editor in 0.00 ms.
Mono: successfully reloaded assembly
- Completed reload, in  1.340 seconds
Platform modules already initialized, skipping
Shader 'Universal Render Pipeline/Particles/Lit': fallback shader 'Universal Render Pipeline/Particles/SimpleLit' not found
Refreshing native plugins compatible for Editor in 0.86 ms, found 1 plugins.
Preloading 0 native plugins for Editor in 0.00 ms.
Unloading 3215 Unused Serialized files (Serialized files now loaded: 0)
System memory in use before: 144.0 MB.
System memory in use after: 144.1 MB.

Unloading 16 unused Assets to reduce memory usage. Loaded Objects now: 4012.
Total: 11.896132 ms (FindLiveObjects: 0.389661 ms CreateObjectMapping: 0.176528 ms MarkObjects: 11.154783 ms  DeleteObjects: 0.172080 ms)

========================================================================
Received Prepare
Shader 'Universal Render Pipeline/Particles/Lit': fallback shader 'Universal Render Pipeline/Particles/SimpleLit' not found
Refreshing native plugins compatible for Editor in 3.09 ms, found 1 plugins.
Preloading 0 native plugins for Editor in 0.00 ms.
Unloading 13 Unused Serialized files (Serialized files now loaded: 0)
System memory in use before: 80.8 MB.
System memory in use after: 80.9 MB.

Unloading 13 unused Assets to reduce memory usage. Loaded Objects now: 4012.
Total: 5.827131 ms (FindLiveObjects: 0.404714 ms CreateObjectMapping: 0.190212 ms MarkObjects: 5.043018 ms  DeleteObjects: 0.186449 ms)

========================================================================
Received Prepare
Shader 'Universal Render Pipeline/Particles/Lit': fallback shader 'Universal Render Pipeline/Particles/SimpleLit' not found
Refreshing native plugins compatible for Editor in 3.00 ms, found 1 plugins.
Preloading 0 native plugins for Editor in 0.00 ms.
Unloading 13 Unused Serialized files (Serialized files now loaded: 0)
System memory in use before: 80.8 MB.
System memory in use after: 80.9 MB.

Unloading 13 unused Assets to reduce memory usage. Loaded Objects now: 4012.
Total: 5.130256 ms (FindLiveObjects: 0.440293 ms CreateObjectMapping: 0.192607 ms MarkObjects: 4.292433 ms  DeleteObjects: 0.202528 ms)

========================================================================
Received Prepare
Shader 'Universal Render Pipeline/Particles/Lit': fallback shader 'Universal Render Pipeline/Particles/SimpleLit' not found
Refreshing native plugins compatible for Editor in 3.16 ms, found 1 plugins.
Preloading 0 native plugins for Editor in 0.00 ms.
Unloading 13 Unused Serialized files (Serialized files now loaded: 0)
System memory in use before: 80.8 MB.
System memory in use after: 80.9 MB.

Unloading 13 unused Assets to reduce memory usage. Loaded Objects now: 4012.
Total: 4.829885 ms (FindLiveObjects: 0.503926 ms CreateObjectMapping: 0.218265 ms MarkObjects: 3.902771 ms  DeleteObjects: 0.202870 ms)

========================================================================
Received Prepare
Registering precompiled user dll's ...
Registered in 0.002265 seconds.
Begin MonoManager ReloadAssembly
Native extension for WindowsStandalone target not found
Native extension for WebGL target not found
Refreshing native plugins compatible for Editor in 0.84 ms, found 1 plugins.
Preloading 0 native plugins for Editor in 0.00 ms.
Mono: successfully reloaded assembly
- Completed reload, in  1.314 seconds
Platform modules already initialized, skipping
Shader 'Universal Render Pipeline/Particles/Lit': fallback shader 'Universal Render Pipeline/Particles/SimpleLit' not found
Refreshing native plugins compatible for Editor in 0.81 ms, found 1 plugins.
Preloading 0 native plugins for Editor in 0.00 ms.
Unloading 3215 Unused Serialized files (Serialized files now loaded: 0)
System memory in use before: 144.1 MB.
System memory in use after: 144.2 MB.

Unloading 16 unused Assets to reduce memory usage. Loaded Objects now: 4016.
Total: 5.255810 ms (FindLiveObjects: 0.423530 ms CreateObjectMapping: 0.177212 ms MarkObjects: 4.472040 ms  DeleteObjects: 0.180633 ms)

========================================================================
Received Prepare
Registering precompiled user dll's ...
Registered in 0.002264 seconds.
Begin MonoManager ReloadAssembly
Native extension for WindowsStandalone target not found
Native extension for WebGL target not found
Refreshing native plugins compatible for Editor in 0.80 ms, found 1 plugins.
Preloading 0 native plugins for Editor in 0.00 ms.
Mono: successfully reloaded assembly
- Completed reload, in  1.327 seconds
Platform modules already initialized, skipping
Shader 'Universal Render Pipeline/Particles/Lit': fallback shader 'Universal Render Pipeline/Particles/SimpleLit' not found
Refreshing native plugins compatible for Editor in 0.83 ms, found 1 plugins.
Preloading 0 native plugins for Editor in 0.00 ms.
Unloading 3215 Unused Serialized files (Serialized files now loaded: 0)
System memory in use before: 144.1 MB.
System memory in use after: 144.2 MB.

Unloading 16 unused Assets to reduce memory usage. Loaded Objects now: 4020.
Total: 4.141905 ms (FindLiveObjects: 0.379056 ms CreateObjectMapping: 0.179949 ms MarkObjects: 3.412872 ms  DeleteObjects: 0.167975 ms)

========================================================================
Received Prepare
Registering precompiled user dll's ...
Registered in 0.002296 seconds.
Begin MonoManager ReloadAssembly
Native extension for WindowsStandalone target not found
Native extension for WebGL target not found
Refreshing native plugins compatible for Editor in 0.80 ms, found 1 plugins.
Preloading 0 native plugins for Editor in 0.00 ms.
Mono: successfully reloaded assembly
- Completed reload, in  1.315 seconds
Platform modules already initialized, skipping
Shader 'Universal Render Pipeline/Particles/Lit': fallback shader 'Universal Render Pipeline/Particles/SimpleLit' not found
Refreshing native plugins compatible for Editor in 0.86 ms, found 1 plugins.
Preloading 0 native plugins for Editor in 0.00 ms.
Unloading 3215 Unused Serialized files (Serialized files now loaded: 0)
System memory in use before: 144.1 MB.
System memory in use after: 144.2 MB.

Unloading 16 unused Assets to reduce memory usage. Loaded Objects now: 4024.
Total: 5.881184 ms (FindLiveObjects: 0.368451 ms CreateObjectMapping: 0.169686 ms MarkObjects: 5.144967 ms  DeleteObjects: 0.195344 ms)

========================================================================
Received Prepare
Registering precompiled user dll's ...
Registered in 0.002296 seconds.
Begin MonoManager ReloadAssembly
Native extension for WindowsStandalone target not found
Native extension for WebGL target not found
Refreshing native plugins compatible for Editor in 0.79 ms, found 1 plugins.
Preloading 0 native plugins for Editor in 0.00 ms.
Mono: successfully reloaded assembly
- Completed reload, in  1.307 seconds
Platform modules already initialized, skipping
Shader 'Universal Render Pipeline/Particles/Lit': fallback shader 'Universal Render Pipeline/Particles/SimpleLit' not found
Refreshing native plugins compatible for Editor in 0.83 ms, found 1 plugins.
Preloading 0 native plugins for Editor in 0.00 ms.
Unloading 3215 Unused Serialized files (Serialized files now loaded: 0)
System memory in use before: 144.1 MB.
System memory in use after: 144.2 MB.

Unloading 16 unused Assets to reduce memory usage. Loaded Objects now: 4028.
Total: 5.882210 ms (FindLiveObjects: 0.401293 ms CreateObjectMapping: 0.255213 ms MarkObjects: 5.040624 ms  DeleteObjects: 0.183028 ms)

========================================================================
Received Prepare
Registering precompiled user dll's ...
Registered in 0.002180 seconds.
Begin MonoManager ReloadAssembly
Native extension for WindowsStandalone target not found
Native extension for WebGL target not found
Refreshing native plugins compatible for Editor in 0.79 ms, found 1 plugins.
Preloading 0 native plugins for Editor in 0.00 ms.
Mono: successfully reloaded assembly
- Completed reload, in  1.321 seconds
Platform modules already initialized, skipping
Shader 'Universal Render Pipeline/Particles/Lit': fallback shader 'Universal Render Pipeline/Particles/SimpleLit' not found
Refreshing native plugins compatible for Editor in 0.88 ms, found 1 plugins.
Preloading 0 native plugins for Editor in 0.00 ms.
Unloading 3215 Unused Serialized files (Serialized files now loaded: 0)
System memory in use before: 144.1 MB.
System memory in use after: 144.2 MB.

Unloading 16 unused Assets to reduce memory usage. Loaded Objects now: 4032.
Total: 4.766253 ms (FindLiveObjects: 0.670190 ms CreateObjectMapping: 0.449872 ms MarkObjects: 3.463847 ms  DeleteObjects: 0.180633 ms)

========================================================================
Received Import Request.
  Time since last request: 1234.162431 seconds.
  path: Assets/Scenes/opening.unity
  artifactKey: Guid(7868833bf3a93504ca216718fdecaa65) Importer(815301076,1909f56bfc062723c751e8b465ee728b)
Start importing Assets/Scenes/opening.unity using Guid(7868833bf3a93504ca216718fdecaa65) Importer(815301076,1909f56bfc062723c751e8b465ee728b)  -> (artifact id: '34777599f6ceb2af0ceb8abc2dc61267') in 0.023090 seconds
  Import took 0.030509 seconds .

========================================================================
Received Prepare
Shader 'Universal Render Pipeline/Particles/Lit': fallback shader 'Universal Render Pipeline/Particles/SimpleLit' not found
Refreshing native plugins compatible for Editor in 3.13 ms, found 1 plugins.
Preloading 0 native plugins for Editor in 0.00 ms.
Unloading 13 Unused Serialized files (Serialized files now loaded: 0)
System memory in use before: 80.9 MB.
System memory in use after: 81.0 MB.

Unloading 13 unused Assets to reduce memory usage. Loaded Objects now: 4032.
Total: 5.519917 ms (FindLiveObjects: 0.405740 ms CreateObjectMapping: 0.206291 ms MarkObjects: 4.727937 ms  DeleteObjects: 0.177896 ms)

========================================================================
Received Import Request.
  Time since last request: 30793.258841 seconds.
  path: Assets/_TerrainAutoUpgrade
  artifactKey: Guid(efe66d9f416c48d42a6710fff8618a22) Importer(815301076,1909f56bfc062723c751e8b465ee728b)
Start importing Assets/_TerrainAutoUpgrade using Guid(efe66d9f416c48d42a6710fff8618a22) Importer(815301076,1909f56bfc062723c751e8b465ee728b)  -> (artifact id: 'a110b23040fd066a439423a53db2d32d') in 0.017875 seconds
  Import took 0.069716 seconds .

AssetImportWorkerClient::OnTransportError - code=2 error=End of file
